2023-03-12 19:30:25,327:	 INFO	 0	 --------------------Simulation starts--------------------
2023-03-12 19:30:25,327:	 INFO	 0	 Alice started BB84 protocol with Bob
2023-03-12 19:30:25,327:	 DEBUG	 3333333	 Bob received message 'START' from Alice
2023-03-12 19:30:25,327:	 DEBUG	 3333333	 Alice began photon emission for BB84 with Bob (Round 1)
2023-03-12 19:30:25,405:	 DEBUG	 9745833	 Alice began photon emission for BB84 with Bob (Round 2)
2023-03-12 19:30:25,460:	 DEBUG	 13066666	 Bob finished receiving photons from Alice (Round 1)
2023-03-12 19:30:25,507:	 DEBUG	 16158333	 Alice began photon emission for BB84 with Bob (Round 3)
2023-03-12 19:30:25,538:	 DEBUG	 16399999	 Alice received bases request from Bob (Round 1)
2023-03-12 19:30:25,581:	 DEBUG	 19479166	 Bob finished receiving photons from Alice (Round 2)
2023-03-12 19:30:25,581:	 DEBUG	 19733332	 Bob received bases from Alice (Round: 1)
2023-03-12 19:30:25,628:	 DEBUG	 22570833	 Alice began photon emission for BB84 with Bob (Round 4)
2023-03-12 19:30:25,644:	 DEBUG	 22812499	 Alice received bases request from Bob (Round 2)
2023-03-12 19:30:25,644:	 DEBUG	 23066665	 Alice received matching indices from Bob (Round 1)
2023-03-12 19:30:25,691:	 DEBUG	 25891666	 Bob finished receiving photons from Alice (Round 3)
2023-03-12 19:30:25,691:	 DEBUG	 26145832	 Bob received bases from Alice (Round: 2)
2023-03-12 19:30:25,737:	 DEBUG	 28983333	 Alice began photon emission for BB84 with Bob (Round 5)
2023-03-12 19:30:25,753:	 DEBUG	 29224999	 Alice received bases request from Bob (Round 3)
2023-03-12 19:30:25,753:	 DEBUG	 29479165	 Alice received matching indices from Bob (Round 2)
2023-03-12 19:30:25,800:	 DEBUG	 32304166	 Bob finished receiving photons from Alice (Round 4)
2023-03-12 19:30:25,800:	 DEBUG	 32558332	 Bob received bases from Alice (Round: 3)
2023-03-12 19:30:25,831:	 DEBUG	 35395833	 Alice began photon emission for BB84 with Bob (Round 6)
2023-03-12 19:30:25,863:	 DEBUG	 35637499	 Alice received bases request from Bob (Round 4)
2023-03-12 19:30:25,863:	 DEBUG	 35891665	 Alice received matching indices from Bob (Round 3)
2023-03-12 19:30:25,910:	 DEBUG	 38716666	 Bob finished receiving photons from Alice (Round 5)
2023-03-12 19:30:25,910:	 DEBUG	 38970832	 Bob received bases from Alice (Round: 4)
2023-03-12 19:30:25,952:	 DEBUG	 41808333	 Alice began photon emission for BB84 with Bob (Round 7)
2023-03-12 19:30:25,964:	 DEBUG	 42049999	 Alice received bases request from Bob (Round 5)
2023-03-12 19:30:25,964:	 DEBUG	 42304165	 Alice received matching indices from Bob (Round 4)
2023-03-12 19:30:25,994:	 DEBUG	 45129166	 Bob finished receiving photons from Alice (Round 6)
2023-03-12 19:30:26,010:	 DEBUG	 45383332	 Bob received bases from Alice (Round: 5)
2023-03-12 19:30:26,041:	 DEBUG	 48220833	 Alice began photon emission for BB84 with Bob (Round 8)
2023-03-12 19:30:26,057:	 DEBUG	 48462499	 Alice received bases request from Bob (Round 6)
2023-03-12 19:30:26,057:	 DEBUG	 48716665	 Alice received matching indices from Bob (Round 5)
2023-03-12 19:30:26,088:	 DEBUG	 51541666	 Bob finished receiving photons from Alice (Round 7)
2023-03-12 19:30:26,104:	 DEBUG	 51795832	 Bob received bases from Alice (Round: 6)
2023-03-12 19:30:26,135:	 DEBUG	 54633333	 Alice began photon emission for BB84 with Bob (Round 9)
2023-03-12 19:30:26,151:	 DEBUG	 54874999	 Alice received bases request from Bob (Round 7)
2023-03-12 19:30:26,167:	 DEBUG	 55129165	 Alice received matching indices from Bob (Round 6)
2023-03-12 19:30:26,210:	 DEBUG	 57954166	 Bob finished receiving photons from Alice (Round 8)
2023-03-12 19:30:26,212:	 DEBUG	 58208332	 Bob received bases from Alice (Round: 7)
2023-03-12 19:30:26,244:	 DEBUG	 61045833	 Alice began photon emission for BB84 with Bob (Round 10)
2023-03-12 19:30:26,259:	 DEBUG	 61287499	 Alice received bases request from Bob (Round 8)
2023-03-12 19:30:26,259:	 DEBUG	 61541665	 Alice received matching indices from Bob (Round 7)
2023-03-12 19:30:26,306:	 DEBUG	 64366666	 Bob finished receiving photons from Alice (Round 9)
2023-03-12 19:30:26,306:	 DEBUG	 64620832	 Bob received bases from Alice (Round: 8)
2023-03-12 19:30:26,338:	 DEBUG	 67458333	 Alice began photon emission for BB84 with Bob (Round 11)
2023-03-12 19:30:26,353:	 DEBUG	 67699999	 Alice received bases request from Bob (Round 9)
2023-03-12 19:30:26,353:	 DEBUG	 67954165	 Alice received matching indices from Bob (Round 8)
2023-03-12 19:30:26,400:	 DEBUG	 70779166	 Bob finished receiving photons from Alice (Round 10)
2023-03-12 19:30:26,400:	 DEBUG	 71033332	 Bob received bases from Alice (Round: 9)
2023-03-12 19:30:26,447:	 DEBUG	 73870833	 Alice began photon emission for BB84 with Bob (Round 12)
2023-03-12 19:30:26,447:	 DEBUG	 74112499	 Alice received bases request from Bob (Round 10)
2023-03-12 19:30:26,467:	 DEBUG	 74366665	 Alice received matching indices from Bob (Round 9)
2023-03-12 19:30:26,497:	 DEBUG	 77191666	 Bob finished receiving photons from Alice (Round 11)
2023-03-12 19:30:26,497:	 DEBUG	 77445832	 Bob received bases from Alice (Round: 10)
2023-03-12 19:30:26,544:	 DEBUG	 80283333	 Alice began photon emission for BB84 with Bob (Round 13)
2023-03-12 19:30:26,560:	 DEBUG	 80524999	 Alice received bases request from Bob (Round 11)
2023-03-12 19:30:26,560:	 DEBUG	 80779165	 Alice received matching indices from Bob (Round 10)
2023-03-12 19:30:26,607:	 DEBUG	 83604166	 Bob finished receiving photons from Alice (Round 12)
2023-03-12 19:30:26,607:	 DEBUG	 83858332	 Bob received bases from Alice (Round: 11)
2023-03-12 19:30:26,607:	 INFO	 83858332	 Bob generated a valid key with Alice (Round 11)
2023-03-12 19:30:26,607:	 INFO	 83858332	 Bob's sifted key: [0, 1, 1, 0, 0, 0, 1, 1, 0, 1, 0, 0, 1, 0, 1, 0, 1, 1, 0, 0, 1, 1, 1, 0, 0, 0, 1, 1, 0, 1, 0, 1, 0, 1, 1, 0, 0, 0, 0, 1, 0, 1, 0, 0, 0, 1, 1, 1, 1, 0, 0, 1, 0, 1, 0, 1, 1, 1, 1, 1, 0, 0, 1, 0, 1, 1, 1, 1, 1, 0, 1, 0, 1, 0, 1, 0, 0, 0, 1, 1, 0, 0, 1, 1, 1, 0, 1, 0, 1, 1, 1, 0, 1, 0, 1, 0, 1, 1, 1, 0, 0, 1, 0, 1, 0, 1, 0, 1, 0, 1, 0, 1, 0, 1, 0, 1, 1, 1, 0, 1, 1, 0, 1, 0, 1, 0, 1, 1, 0, 1, 0, 1, 0, 1, 1, 0, 1, 0, 1, 1, 1, 0, 1, 1, 1, 1, 1, 0, 1, 0, 1, 1, 0, 0, 1, 0, 1, 1, 0, 1, 0, 1, 1, 1, 0, 1, 0, 0, 1, 1, 0, 0, 1, 0, 1, 0, 1, 1, 1, 0, 1, 0, 0, 0, 0, 1, 0, 0, 1, 1, 0, 1, 1, 0, 1, 0, 1, 0, 1, 0, 1, 0, 1, 0, 1, 0, 0, 1, 1, 0, 1, 0, 0, 1, 0, 1, 0, 1, 0, 1, 0, 1, 0, 1, 1, 1, 1, 1, 1, 0, 1, 0, 0, 1, 1, 1, 0, 1, 0, 0, 1, 1, 0, 0, 0, 1, 0, 0, 1, 1, 0, 1, 0, 0, 1, 0]
2023-03-12 19:30:26,607:	 INFO	 83858332	 Bob's sifted key (Decimal): 44911141891406326061187706126480115013968266683113252411189508013805582730450
2023-03-12 19:30:26,654:	 DEBUG	 86695833	 Alice began photon emission for BB84 with Bob (Round 14)
2023-03-12 19:30:26,701:	 DEBUG	 86937499	 Alice received bases request from Bob (Round 12)
2023-03-12 19:30:26,701:	 DEBUG	 87191665	 Alice received matching indices from Bob (Round 11)
2023-03-12 19:30:26,701:	 INFO	 87191665	 Alice generated a valid key with Bob (Round 11)
2023-03-12 19:30:26,701:	 INFO	 87191665	 Alice's sifted key: [0, 1, 1, 0, 0, 0, 1, 1, 0, 1, 0, 0, 1, 0, 1, 0, 1, 1, 0, 0, 1, 1, 1, 0, 0, 0, 1, 1, 0, 1, 0, 1, 0, 1, 1, 0, 0, 0, 0, 1, 0, 1, 0, 0, 0, 1, 1, 1, 1, 0, 0, 1, 0, 1, 0, 1, 1, 1, 1, 1, 0, 0, 1, 0, 1, 1, 1, 1, 1, 0, 1, 0, 1, 0, 1, 0, 0, 0, 1, 1, 0, 0, 1, 1, 1, 0, 1, 0, 1, 1, 1, 0, 1, 0, 1, 0, 1, 1, 1, 0, 0, 1, 0, 1, 0, 1, 0, 1, 0, 1, 0, 1, 0, 1, 0, 1, 1, 1, 0, 1, 1, 0, 1, 0, 1, 0, 1, 1, 0, 1, 0, 1, 0, 1, 1, 0, 1, 0, 1, 1, 1, 0, 1, 1, 1, 1, 1, 0, 1, 0, 1, 1, 0, 0, 1, 0, 1, 1, 0, 1, 0, 1, 1, 1, 0, 1, 0, 0, 1, 1, 0, 0, 1, 0, 1, 0, 1, 1, 1, 0, 1, 0, 0, 0, 0, 1, 0, 0, 1, 1, 0, 1, 1, 0, 1, 0, 1, 0, 1, 0, 1, 0, 1, 0, 1, 0, 0, 1, 1, 0, 1, 0, 0, 1, 0, 1, 0, 1, 0, 1, 0, 1, 0, 1, 1, 1, 1, 1, 1, 0, 1, 0, 0, 1, 1, 1, 0, 1, 0, 0, 1, 1, 0, 0, 0, 1, 0, 0, 1, 1, 0, 1, 0, 0, 1, 0]
2023-03-12 19:30:26,701:	 INFO	 87191665	 Alice's sifted key (Decimal): 44911141891406326061187706126480115013968266683113252411189508013805582730450
2023-03-12 19:30:26,748:	 DEBUG	 90016666	 Bob finished receiving photons from Alice (Round 13)
2023-03-12 19:30:26,748:	 DEBUG	 90270832	 Bob received bases from Alice (Round: 12)
2023-03-12 19:30:26,779:	 DEBUG	 93108333	 Alice began photon emission for BB84 with Bob (Round 15)
2023-03-12 19:30:26,811:	 DEBUG	 93349999	 Alice received bases request from Bob (Round 13)
2023-03-12 19:30:26,811:	 DEBUG	 93604165	 Alice received matching indices from Bob (Round 12)
2023-03-12 19:30:26,842:	 DEBUG	 96429166	 Bob finished receiving photons from Alice (Round 14)
2023-03-12 19:30:26,842:	 DEBUG	 96683332	 Bob received bases from Alice (Round: 13)
2023-03-12 19:30:26,889:	 DEBUG	 99520833	 Alice began photon emission for BB84 with Bob (Round 16)
2023-03-12 19:30:26,905:	 DEBUG	 99762499	 Alice received bases request from Bob (Round 14)
2023-03-12 19:30:26,905:	 DEBUG	 100016665	 Alice received matching indices from Bob (Round 13)
2023-03-12 19:30:26,948:	 DEBUG	 102841666	 Bob finished receiving photons from Alice (Round 15)
2023-03-12 19:30:26,963:	 DEBUG	 103095832	 Bob received bases from Alice (Round: 14)
2023-03-12 19:30:27,009:	 DEBUG	 105933333	 Alice began photon emission for BB84 with Bob (Round 17)
2023-03-12 19:30:27,014:	 DEBUG	 106174999	 Alice received bases request from Bob (Round 15)
2023-03-12 19:30:27,030:	 DEBUG	 106429165	 Alice received matching indices from Bob (Round 14)
2023-03-12 19:30:27,061:	 DEBUG	 109254166	 Bob finished receiving photons from Alice (Round 16)
2023-03-12 19:30:27,061:	 DEBUG	 109508332	 Bob received bases from Alice (Round: 15)
2023-03-12 19:30:27,108:	 DEBUG	 112345833	 Alice began photon emission for BB84 with Bob (Round 18)
2023-03-12 19:30:27,124:	 DEBUG	 112587499	 Alice received bases request from Bob (Round 16)
2023-03-12 19:30:27,124:	 DEBUG	 112841665	 Alice received matching indices from Bob (Round 15)
2023-03-12 19:30:27,171:	 DEBUG	 115666666	 Bob finished receiving photons from Alice (Round 17)
2023-03-12 19:30:27,171:	 DEBUG	 115920832	 Bob received bases from Alice (Round: 16)
2023-03-12 19:30:27,202:	 DEBUG	 118758333	 Alice began photon emission for BB84 with Bob (Round 19)
2023-03-12 19:30:27,217:	 DEBUG	 118999999	 Alice received bases request from Bob (Round 17)
2023-03-12 19:30:27,217:	 DEBUG	 119254165	 Alice received matching indices from Bob (Round 16)
2023-03-12 19:30:27,249:	 DEBUG	 122079166	 Bob finished receiving photons from Alice (Round 18)
2023-03-12 19:30:27,264:	 DEBUG	 122333332	 Bob received bases from Alice (Round: 17)
2023-03-12 19:30:27,296:	 DEBUG	 125170833	 Alice began photon emission for BB84 with Bob (Round 20)
2023-03-12 19:30:27,312:	 DEBUG	 125412499	 Alice received bases request from Bob (Round 18)
2023-03-12 19:30:27,312:	 DEBUG	 125666665	 Alice received matching indices from Bob (Round 17)
2023-03-12 19:30:27,359:	 DEBUG	 128491666	 Bob finished receiving photons from Alice (Round 19)
2023-03-12 19:30:27,359:	 DEBUG	 128745832	 Bob received bases from Alice (Round: 18)
2023-03-12 19:30:27,406:	 DEBUG	 131583333	 Alice began photon emission for BB84 with Bob (Round 21)
2023-03-12 19:30:27,422:	 DEBUG	 131824999	 Alice received bases request from Bob (Round 19)
2023-03-12 19:30:27,422:	 DEBUG	 132079165	 Alice received matching indices from Bob (Round 18)
2023-03-12 19:30:27,453:	 DEBUG	 134904166	 Bob finished receiving photons from Alice (Round 20)
2023-03-12 19:30:27,453:	 DEBUG	 135158332	 Bob received bases from Alice (Round: 19)
2023-03-12 19:30:27,500:	 DEBUG	 137995833	 Alice began photon emission for BB84 with Bob (Round 22)
2023-03-12 19:30:27,515:	 DEBUG	 138237499	 Alice received bases request from Bob (Round 20)
2023-03-12 19:30:27,515:	 DEBUG	 138491665	 Alice received matching indices from Bob (Round 19)
2023-03-12 19:30:27,565:	 DEBUG	 141316666	 Bob finished receiving photons from Alice (Round 21)
2023-03-12 19:30:27,565:	 DEBUG	 141570832	 Bob received bases from Alice (Round: 20)
2023-03-12 19:30:27,565:	 INFO	 141570832	 Bob generated a valid key with Alice (Round 20)
2023-03-12 19:30:27,565:	 INFO	 141570832	 Bob's sifted key: [1, 1, 1, 1, 0, 0, 0, 0, 0, 1, 0, 0, 0, 1, 0, 1, 0, 0, 1, 1, 0, 0, 0, 1, 0, 1, 0, 1, 0, 1, 0, 0, 1, 0, 1, 0, 1, 0, 0, 0, 0, 1, 0, 1, 1, 0, 1, 0, 0, 1, 0, 1, 0, 1, 0, 1, 1, 0, 1, 0, 1, 0, 0, 1, 1, 0, 1, 1, 0, 1, 0, 1, 1, 0, 0, 0, 1, 1, 0, 0, 0, 0, 1, 0, 0, 1, 0, 1, 0, 1, 1, 0, 0, 1, 1, 0, 0, 1, 1, 0, 1, 0, 1, 0, 1, 1, 1, 0, 0, 1, 0, 1, 1, 1, 0, 1, 1, 0, 1, 0, 0, 1, 1, 0, 1, 0, 0, 0, 1, 1, 0, 0, 1, 1, 1, 0, 1, 0, 1, 0, 1, 0, 1, 0, 1, 0, 0, 1, 0, 1, 0, 1, 0, 1, 0, 0, 1, 1, 0, 0, 1, 1, 0, 1, 1, 1, 0, 0, 1, 0, 1, 0, 0, 1, 0, 0, 0, 0, 1, 0, 1, 0, 1, 1, 1, 1, 0, 0, 0, 0, 1, 0, 0, 1, 0, 1, 0, 1, 1, 0, 1, 1, 0, 0, 1, 0, 0, 0, 0, 0, 0, 1, 0, 1, 1, 0, 1, 0, 1, 0, 0, 1, 0, 1, 0, 0, 1, 1, 0, 0, 1, 0, 1, 1, 0, 1, 0, 1, 0, 0, 0, 1, 0, 1, 0, 1, 0, 0, 1, 0, 1, 0, 1, 0, 0, 1]
2023-03-12 19:30:27,565:	 INFO	 141570832	 Bob's sifted key (Decimal): 108677336575389781014491193239341024872300432120374783810154761254880159225001
2023-03-12 19:30:27,565:	 INFO	 141570832	 Bob finished key generation with Alice
2023-03-12 19:30:27,565:	 INFO	 141570832	 Bob's sifted keys (with Alice in decimal): [44911141891406326061187706126480115013968266683113252411189508013805582730450, 108677336575389781014491193239341024872300432120374783810154761254880159225001]
2023-03-12 19:30:27,612:	 DEBUG	 144408333	 Alice began photon emission for BB84 with Bob (Round 23)
2023-03-12 19:30:27,628:	 DEBUG	 144649999	 Alice received bases request from Bob (Round 21)
2023-03-12 19:30:27,628:	 DEBUG	 144904165	 Alice received matching indices from Bob (Round 20)
2023-03-12 19:30:27,628:	 INFO	 144904165	 Alice generated a valid key with Bob (Round 20)
2023-03-12 19:30:27,628:	 INFO	 144904165	 Alice's sifted key: [1, 1, 1, 1, 0, 0, 0, 0, 0, 1, 0, 0, 0, 1, 0, 1, 0, 0, 1, 1, 0, 0, 0, 1, 0, 1, 0, 1, 0, 1, 0, 0, 1, 0, 1, 0, 1, 0, 0, 0, 0, 1, 0, 1, 1, 0, 1, 0, 0, 1, 0, 1, 0, 1, 0, 1, 1, 0, 1, 0, 1, 0, 0, 1, 1, 0, 1, 1, 0, 1, 0, 1, 1, 0, 0, 0, 1, 1, 0, 0, 0, 0, 1, 0, 0, 1, 0, 1, 0, 1, 1, 0, 0, 1, 1, 0, 0, 1, 1, 0, 1, 0, 1, 0, 1, 1, 1, 0, 0, 1, 0, 1, 1, 1, 0, 1, 1, 0, 1, 0, 0, 1, 1, 0, 1, 0, 0, 0, 1, 1, 0, 0, 1, 1, 1, 0, 1, 0, 1, 0, 1, 0, 1, 0, 1, 0, 0, 1, 0, 1, 0, 1, 0, 1, 0, 0, 1, 1, 0, 0, 1, 1, 0, 1, 1, 1, 0, 0, 1, 0, 1, 0, 0, 1, 0, 0, 0, 0, 1, 0, 1, 0, 1, 1, 1, 1, 0, 0, 0, 0, 1, 0, 0, 1, 0, 1, 0, 1, 1, 0, 1, 1, 0, 0, 1, 0, 0, 0, 0, 0, 0, 1, 0, 1, 1, 0, 1, 0, 1, 0, 0, 1, 0, 1, 0, 0, 1, 1, 0, 0, 1, 0, 1, 1, 0, 1, 0, 1, 0, 0, 0, 1, 0, 1, 0, 1, 0, 0, 1, 0, 1, 0, 1, 0, 0, 1]
2023-03-12 19:30:27,628:	 INFO	 144904165	 Alice's sifted key (Decimal): 108677336575389781014491193239341024872300432120374783810154761254880159225001
2023-03-12 19:30:27,628:	 INFO	 144904165	 Alice finished key generation with Bob
2023-03-12 19:30:27,628:	 INFO	 144904165	 Alice's sifted keys (with Bob in decimal): [44911141891406326061187706126480115013968266683113252411189508013805582730450, 108677336575389781014491193239341024872300432120374783810154761254880159225001]
2023-03-12 19:30:27,628:	 INFO	 144904165	 Sifted key rate: 3623.0843 kbit/s
2023-03-12 19:30:27,628:	 INFO	 144904165	 Key error rate: 0.0000
2023-03-12 19:30:27,753:	 INFO	 154129166	 --------------------Simulation ends--------------------
2023-03-12 19:30:27,753:	 INFO	 154129166	 Elapsed wall time: 2.4257s 	 Elapsed virtual time: 0.0002s
2023-03-12 19:30:27,753:	 DEBUG	 154129166	 Scheduled events: 11596 	 Handled events: 11596
