2023-11-05 02:49:08,891:	 INFO	 0	 --------------------Simulation starts--------------------
2023-11-05 02:49:08,891:	 INFO	 0	 EN13 started a QKD request with EN15
2023-11-05 02:49:08,891:	 INFO	 60180000	 TR13 received 'REQUEST' of QKDApp with EN15 from EN13
2023-11-05 02:49:08,891:	 INFO	 66336667	 TR6 received 'REQUEST' of QKDApp with EN15 from EN13
2023-11-05 02:49:08,892:	 INFO	 84790000	 TR7 received 'REQUEST' of QKDApp with EN15 from EN13
2023-11-05 02:49:08,892:	 INFO	 116856667	 TR8 received 'REQUEST' of QKDApp with EN15 from EN13
2023-11-05 02:49:08,892:	 INFO	 132916667	 TR9 received 'REQUEST' of QKDApp with EN15 from EN13
2023-11-05 02:49:08,892:	 INFO	 171953334	 EN15 received 'REQUEST' of QKDApp with EN15 from EN13
2023-11-05 02:49:08,892:	 INFO	 171953334	 Path of the QKD request: ['EN13', 'TR13', 'TR6', 'TR7', 'TR8', 'TR9', 'EN15']
2023-11-05 02:49:08,892:	 INFO	 210990001	 TR9 received 'ACCEPT' of QKDApp from EN15
2023-11-05 02:49:08,892:	 INFO	 210990001	 TR9 started BB84 protocol with EN15
2023-11-05 02:49:08,892:	 INFO	 227050001	 TR8 received 'ACCEPT' of QKDApp from EN15
2023-11-05 02:49:08,892:	 INFO	 227050001	 TR8 started BB84 protocol with TR9
2023-11-05 02:49:08,892:	 DEBUG	 243110001	 TR9 received message 'START' from TR8
2023-11-05 02:49:08,893:	 DEBUG	 243110001	 TR8 began photon emission for BB84 with TR9 (Round 1)
2023-11-05 02:49:08,898:	 DEBUG	 249522501	 TR8 began photon emission for BB84 with TR9 (Round 2)
2023-11-05 02:49:08,902:	 DEBUG	 250026668	 EN15 received message 'START' from TR9
2023-11-05 02:49:08,903:	 DEBUG	 250026668	 TR9 began photon emission for BB84 with EN15 (Round 1)
2023-11-05 02:49:08,908:	 DEBUG	 255935001	 TR8 began photon emission for BB84 with TR9 (Round 3)
2023-11-05 02:49:08,912:	 DEBUG	 256439168	 TR9 began photon emission for BB84 with EN15 (Round 2)
2023-11-05 02:49:08,917:	 INFO	 259116668	 TR7 received 'ACCEPT' of QKDApp from EN15
2023-11-05 02:49:08,917:	 INFO	 259116668	 TR7 started BB84 protocol with TR8
2023-11-05 02:49:08,933:	 DEBUG	 262347501	 TR8 began photon emission for BB84 with TR9 (Round 4)
2023-11-05 02:49:08,939:	 DEBUG	 262851668	 TR9 began photon emission for BB84 with EN15 (Round 3)
2023-11-05 02:49:08,994:	 DEBUG	 265570001	 TR9 finished receiving photons from TR8 (Round 1)
2023-11-05 02:49:09,007:	 DEBUG	 268760001	 TR8 began photon emission for BB84 with TR9 (Round 5)
2023-11-05 02:49:09,012:	 DEBUG	 269264168	 TR9 began photon emission for BB84 with EN15 (Round 4)
2023-11-05 02:49:09,029:	 DEBUG	 271982501	 TR9 finished receiving photons from TR8 (Round 2)
2023-11-05 02:49:09,044:	 DEBUG	 275172501	 TR8 began photon emission for BB84 with TR9 (Round 6)
2023-11-05 02:49:09,050:	 DEBUG	 275676668	 TR9 began photon emission for BB84 with EN15 (Round 5)
2023-11-05 02:49:09,064:	 INFO	 277570001	 TR6 received 'ACCEPT' of QKDApp from EN15
2023-11-05 02:49:09,064:	 INFO	 277570001	 TR6 started BB84 protocol with TR7
2023-11-05 02:49:09,068:	 DEBUG	 278395001	 TR9 finished receiving photons from TR8 (Round 3)
2023-11-05 02:49:09,089:	 DEBUG	 281585001	 TR8 began photon emission for BB84 with TR9 (Round 7)
2023-11-05 02:49:09,094:	 DEBUG	 281630001	 TR8 received bases request from TR9 (Round 1)
2023-11-05 02:49:09,095:	 DEBUG	 282089168	 TR9 began photon emission for BB84 with EN15 (Round 6)
2023-11-05 02:49:09,109:	 INFO	 283726668	 TR13 received 'ACCEPT' of QKDApp from EN15
2023-11-05 02:49:09,109:	 INFO	 283726668	 TR13 started BB84 protocol with TR6
2023-11-05 02:49:09,114:	 DEBUG	 284807501	 TR9 finished receiving photons from TR8 (Round 4)
2023-11-05 02:49:09,127:	 DEBUG	 287997501	 TR8 began photon emission for BB84 with TR9 (Round 8)
2023-11-05 02:49:09,131:	 DEBUG	 288042501	 TR8 received bases request from TR9 (Round 2)
2023-11-05 02:49:09,134:	 DEBUG	 288501668	 TR9 began photon emission for BB84 with EN15 (Round 7)
2023-11-05 02:49:09,146:	 DEBUG	 289883335	 TR6 received message 'START' from TR13
2023-11-05 02:49:09,146:	 DEBUG	 289883335	 TR13 began photon emission for BB84 with TR6 (Round 1)
2023-11-05 02:49:09,160:	 DEBUG	 291183335	 TR8 received message 'START' from TR7
2023-11-05 02:49:09,160:	 DEBUG	 291183335	 TR7 began photon emission for BB84 with TR8 (Round 1)
2023-11-05 02:49:09,164:	 DEBUG	 291220001	 TR9 finished receiving photons from TR8 (Round 5)
2023-11-05 02:49:09,191:	 DEBUG	 294410001	 TR8 began photon emission for BB84 with TR9 (Round 9)
2023-11-05 02:49:09,194:	 DEBUG	 294455001	 TR8 received bases request from TR9 (Round 3)
2023-11-05 02:49:09,198:	 DEBUG	 294914168	 TR9 began photon emission for BB84 with EN15 (Round 8)
2023-11-05 02:49:09,207:	 DEBUG	 295463335	 EN15 finished receiving photons from TR9 (Round 1)
2023-11-05 02:49:09,212:	 DEBUG	 296023334	 TR7 received message 'START' from TR6
2023-11-05 02:49:09,212:	 DEBUG	 296023334	 TR6 began photon emission for BB84 with TR7 (Round 1)
2023-11-05 02:49:09,219:	 DEBUG	 296295835	 TR13 began photon emission for BB84 with TR6 (Round 2)
2023-11-05 02:49:09,239:	 DEBUG	 297595835	 TR7 began photon emission for BB84 with TR8 (Round 2)
2023-11-05 02:49:09,242:	 DEBUG	 297632501	 TR9 finished receiving photons from TR8 (Round 6)
2023-11-05 02:49:09,244:	 DEBUG	 297690001	 TR9 received bases from TR8 (Round: 1)
2023-11-05 02:49:09,283:	 DEBUG	 300822501	 TR8 began photon emission for BB84 with TR9 (Round 10)
2023-11-05 02:49:09,287:	 DEBUG	 300867501	 TR8 received bases request from TR9 (Round 4)
2023-11-05 02:49:09,292:	 DEBUG	 301326668	 TR9 began photon emission for BB84 with EN15 (Round 9)
2023-11-05 02:49:09,300:	 DEBUG	 301875835	 EN15 finished receiving photons from TR9 (Round 2)
2023-11-05 02:49:09,307:	 DEBUG	 302435834	 TR6 began photon emission for BB84 with TR7 (Round 2)
2023-11-05 02:49:09,310:	 DEBUG	 302440002	 TR6 finished receiving photons from TR13 (Round 1)
2023-11-05 02:49:09,314:	 DEBUG	 302708335	 TR13 began photon emission for BB84 with TR6 (Round 3)
2023-11-05 02:49:09,380:	 DEBUG	 304008335	 TR7 began photon emission for BB84 with TR8 (Round 3)
2023-11-05 02:49:09,384:	 DEBUG	 304045001	 TR9 finished receiving photons from TR8 (Round 7)
2023-11-05 02:49:09,385:	 DEBUG	 304102501	 TR9 received bases from TR8 (Round: 2)
2023-11-05 02:49:09,428:	 DEBUG	 307235001	 TR8 began photon emission for BB84 with TR9 (Round 11)
2023-11-05 02:49:09,433:	 DEBUG	 307280001	 TR8 received bases request from TR9 (Round 5)
2023-11-05 02:49:09,438:	 DEBUG	 307739168	 TR9 began photon emission for BB84 with EN15 (Round 10)
2023-11-05 02:49:09,448:	 DEBUG	 308288335	 EN15 finished receiving photons from TR9 (Round 3)
2023-11-05 02:49:09,453:	 DEBUG	 308596669	 TR13 received bases request from TR6 (Round 1)
2023-11-05 02:49:09,455:	 DEBUG	 308848334	 TR6 began photon emission for BB84 with TR7 (Round 3)
2023-11-05 02:49:09,459:	 DEBUG	 308852502	 TR6 finished receiving photons from TR13 (Round 2)
2023-11-05 02:49:09,462:	 DEBUG	 309120835	 TR13 began photon emission for BB84 with TR6 (Round 4)
2023-11-05 02:49:09,484:	 DEBUG	 310420835	 TR7 began photon emission for BB84 with TR8 (Round 4)
2023-11-05 02:49:09,489:	 DEBUG	 310457501	 TR9 finished receiving photons from TR8 (Round 8)
2023-11-05 02:49:09,490:	 DEBUG	 310515001	 TR9 received bases from TR8 (Round: 3)
2023-11-05 02:49:09,529:	 DEBUG	 313647501	 TR8 began photon emission for BB84 with TR9 (Round 12)
2023-11-05 02:49:09,534:	 DEBUG	 313692501	 TR8 received bases request from TR9 (Round 6)
2023-11-05 02:49:09,536:	 DEBUG	 313750001	 TR8 received matching indices from TR9 (Round 1)
2023-11-05 02:49:09,541:	 DEBUG	 314151668	 TR9 began photon emission for BB84 with EN15 (Round 11)
2023-11-05 02:49:09,553:	 DEBUG	 314700835	 EN15 finished receiving photons from TR9 (Round 4)
2023-11-05 02:49:09,554:	 DEBUG	 314753336	 TR6 received bases from TR13 (Round: 1)
2023-11-05 02:49:09,559:	 DEBUG	 315009169	 TR13 received bases request from TR6 (Round 2)
2023-11-05 02:49:09,565:	 DEBUG	 315260834	 TR6 began photon emission for BB84 with TR7 (Round 4)
2023-11-05 02:49:09,569:	 DEBUG	 315265002	 TR6 finished receiving photons from TR13 (Round 3)
2023-11-05 02:49:09,573:	 DEBUG	 315533335	 TR13 began photon emission for BB84 with TR6 (Round 5)
2023-11-05 02:49:09,598:	 DEBUG	 316833335	 TR7 began photon emission for BB84 with TR8 (Round 5)
2023-11-05 02:49:09,603:	 DEBUG	 316870001	 TR9 finished receiving photons from TR8 (Round 9)
2023-11-05 02:49:09,604:	 DEBUG	 316927501	 TR9 received bases from TR8 (Round: 4)
2023-11-05 02:49:09,656:	 DEBUG	 320060001	 TR8 began photon emission for BB84 with TR9 (Round 13)
2023-11-05 02:49:09,661:	 DEBUG	 320105001	 TR8 received bases request from TR9 (Round 7)
2023-11-05 02:49:09,662:	 DEBUG	 320162501	 TR8 received matching indices from TR9 (Round 2)
2023-11-05 02:49:09,669:	 DEBUG	 320564168	 TR9 began photon emission for BB84 with EN15 (Round 12)
2023-11-05 02:49:09,677:	 DEBUG	 320876667	 TR7 finished receiving photons from TR6 (Round 1)
2023-11-05 02:49:09,677:	 DEBUG	 320910003	 TR13 received matching indices from TR6 (Round 1)
2023-11-05 02:49:09,681:	 DEBUG	 321113335	 EN15 finished receiving photons from TR9 (Round 5)
2023-11-05 02:49:09,682:	 DEBUG	 321165836	 TR6 received bases from TR13 (Round: 2)
2023-11-05 02:49:09,686:	 DEBUG	 321421669	 TR13 received bases request from TR6 (Round 3)
2023-11-05 02:49:09,690:	 DEBUG	 321673334	 TR6 began photon emission for BB84 with TR7 (Round 5)
2023-11-05 02:49:09,694:	 DEBUG	 321677502	 TR6 finished receiving photons from TR13 (Round 4)
2023-11-05 02:49:09,699:	 DEBUG	 321945835	 TR13 began photon emission for BB84 with TR6 (Round 6)
2023-11-05 02:49:09,724:	 DEBUG	 323245835	 TR7 began photon emission for BB84 with TR8 (Round 6)
2023-11-05 02:49:09,727:	 DEBUG	 323282501	 TR9 finished receiving photons from TR8 (Round 10)
2023-11-05 02:49:09,729:	 DEBUG	 323340001	 TR9 received bases from TR8 (Round: 5)
2023-11-05 02:49:09,792:	 DEBUG	 326472501	 TR8 began photon emission for BB84 with TR9 (Round 14)
2023-11-05 02:49:09,798:	 DEBUG	 326517501	 TR8 received bases request from TR9 (Round 8)
2023-11-05 02:49:09,799:	 DEBUG	 326575001	 TR8 received matching indices from TR9 (Round 3)
2023-11-05 02:49:09,806:	 DEBUG	 326976668	 TR9 began photon emission for BB84 with EN15 (Round 13)
2023-11-05 02:49:09,816:	 DEBUG	 327289167	 TR7 finished receiving photons from TR6 (Round 2)
2023-11-05 02:49:09,817:	 DEBUG	 327322503	 TR13 received matching indices from TR6 (Round 2)
2023-11-05 02:49:09,821:	 DEBUG	 327525835	 EN15 finished receiving photons from TR9 (Round 6)
2023-11-05 02:49:09,822:	 DEBUG	 327578336	 TR6 received bases from TR13 (Round: 3)
2023-11-05 02:49:09,830:	 DEBUG	 327834169	 TR13 received bases request from TR6 (Round 4)
2023-11-05 02:49:09,835:	 DEBUG	 328085834	 TR6 began photon emission for BB84 with TR7 (Round 6)
2023-11-05 02:49:09,903:	 DEBUG	 328090002	 TR6 finished receiving photons from TR13 (Round 5)
2023-11-05 02:49:09,908:	 DEBUG	 328358335	 TR13 began photon emission for BB84 with TR6 (Round 7)
2023-11-05 02:49:09,935:	 DEBUG	 329650002	 TR8 finished receiving photons from TR7 (Round 1)
2023-11-05 02:49:09,936:	 DEBUG	 329658335	 TR7 began photon emission for BB84 with TR8 (Round 7)
2023-11-05 02:49:09,940:	 DEBUG	 329695001	 TR9 finished receiving photons from TR8 (Round 11)
2023-11-05 02:49:09,942:	 DEBUG	 329752501	 TR9 received bases from TR8 (Round: 6)
2023-11-05 02:49:10,008:	 DEBUG	 332885001	 TR8 began photon emission for BB84 with TR9 (Round 15)
2023-11-05 02:49:10,013:	 DEBUG	 332930001	 TR8 received bases request from TR9 (Round 9)
2023-11-05 02:49:10,014:	 DEBUG	 332987501	 TR8 received matching indices from TR9 (Round 4)
2023-11-05 02:49:10,022:	 DEBUG	 333389168	 TR9 began photon emission for BB84 with EN15 (Round 14)
2023-11-05 02:49:10,030:	 DEBUG	 333701667	 TR7 finished receiving photons from TR6 (Round 3)
2023-11-05 02:49:10,030:	 DEBUG	 333735003	 TR13 received matching indices from TR6 (Round 3)
2023-11-05 02:49:10,034:	 DEBUG	 333938335	 EN15 finished receiving photons from TR9 (Round 7)
2023-11-05 02:49:10,036:	 DEBUG	 333990836	 TR6 received bases from TR13 (Round: 4)
2023-11-05 02:49:10,042:	 DEBUG	 334246669	 TR13 received bases request from TR6 (Round 5)
2023-11-05 02:49:10,047:	 DEBUG	 334498334	 TR6 began photon emission for BB84 with TR7 (Round 7)
2023-11-05 02:49:10,051:	 DEBUG	 334500002	 TR9 received bases request from EN15 (Round 1)
2023-11-05 02:49:10,051:	 DEBUG	 334502502	 TR6 finished receiving photons from TR13 (Round 6)
2023-11-05 02:49:10,056:	 DEBUG	 334770835	 TR13 began photon emission for BB84 with TR6 (Round 8)
2023-11-05 02:49:10,083:	 DEBUG	 336062502	 TR8 finished receiving photons from TR7 (Round 2)
2023-11-05 02:49:10,084:	 DEBUG	 336070835	 TR7 began photon emission for BB84 with TR8 (Round 8)
2023-11-05 02:49:10,089:	 DEBUG	 336107501	 TR9 finished receiving photons from TR8 (Round 12)
2023-11-05 02:49:10,090:	 DEBUG	 336165001	 TR9 received bases from TR8 (Round: 7)
2023-11-05 02:49:10,148:	 DEBUG	 339297501	 TR8 began photon emission for BB84 with TR9 (Round 16)
2023-11-05 02:49:10,153:	 DEBUG	 339330000	 TR6 received bases request from TR7 (Round 1)
2023-11-05 02:49:10,154:	 DEBUG	 339342501	 TR8 received bases request from TR9 (Round 10)
2023-11-05 02:49:10,155:	 DEBUG	 339400001	 TR8 received matching indices from TR9 (Round 5)
2023-11-05 02:49:10,163:	 DEBUG	 339801668	 TR9 began photon emission for BB84 with EN15 (Round 15)
2023-11-05 02:49:10,173:	 DEBUG	 340114167	 TR7 finished receiving photons from TR6 (Round 4)
2023-11-05 02:49:10,175:	 DEBUG	 340147503	 TR13 received matching indices from TR6 (Round 4)
2023-11-05 02:49:10,178:	 DEBUG	 340350835	 EN15 finished receiving photons from TR9 (Round 8)
2023-11-05 02:49:10,180:	 DEBUG	 340403336	 TR6 received bases from TR13 (Round: 5)
2023-11-05 02:49:10,184:	 DEBUG	 340659169	 TR13 received bases request from TR6 (Round 6)
2023-11-05 02:49:10,188:	 DEBUG	 340910834	 TR6 began photon emission for BB84 with TR7 (Round 8)
2023-11-05 02:49:10,192:	 DEBUG	 340912502	 TR9 received bases request from EN15 (Round 2)
2023-11-05 02:49:10,192:	 DEBUG	 340915002	 TR6 finished receiving photons from TR13 (Round 7)
2023-11-05 02:49:10,197:	 DEBUG	 341183335	 TR13 began photon emission for BB84 with TR6 (Round 9)
2023-11-05 02:49:10,226:	 DEBUG	 342475002	 TR8 finished receiving photons from TR7 (Round 3)
2023-11-05 02:49:10,226:	 DEBUG	 342483335	 TR7 began photon emission for BB84 with TR8 (Round 9)
2023-11-05 02:49:10,231:	 DEBUG	 342520001	 TR9 finished receiving photons from TR8 (Round 13)
2023-11-05 02:49:10,232:	 DEBUG	 342577501	 TR9 received bases from TR8 (Round: 8)
2023-11-05 02:49:10,258:	 INFO	 343906668	 EN13 received 'ACCEPT' of QKDApp from EN15
2023-11-05 02:49:10,258:	 INFO	 343906668	 EN13 started BB84 protocol with TR13
2023-11-05 02:49:10,296:	 DEBUG	 345710001	 TR8 began photon emission for BB84 with TR9 (Round 17)
2023-11-05 02:49:10,300:	 DEBUG	 345742500	 TR6 received bases request from TR7 (Round 2)
2023-11-05 02:49:10,301:	 DEBUG	 345755001	 TR8 received bases request from TR9 (Round 11)
2023-11-05 02:49:10,302:	 DEBUG	 345812501	 TR8 received matching indices from TR9 (Round 6)
2023-11-05 02:49:10,310:	 DEBUG	 346214168	 TR9 began photon emission for BB84 with EN15 (Round 16)
2023-11-05 02:49:10,321:	 DEBUG	 346526667	 TR7 finished receiving photons from TR6 (Round 5)
2023-11-05 02:49:10,323:	 DEBUG	 346560003	 TR13 received matching indices from TR6 (Round 5)
2023-11-05 02:49:10,327:	 DEBUG	 346763335	 EN15 finished receiving photons from TR9 (Round 9)
2023-11-05 02:49:10,328:	 DEBUG	 346815836	 TR6 received bases from TR13 (Round: 6)
2023-11-05 02:49:10,331:	 DEBUG	 347071669	 TR13 received bases request from TR6 (Round 7)
2023-11-05 02:49:10,337:	 DEBUG	 347323334	 TR6 began photon emission for BB84 with TR7 (Round 9)
2023-11-05 02:49:10,341:	 DEBUG	 347325002	 TR9 received bases request from EN15 (Round 3)
2023-11-05 02:49:10,341:	 DEBUG	 347327502	 TR6 finished receiving photons from TR13 (Round 8)
2023-11-05 02:49:10,346:	 DEBUG	 347595835	 TR13 began photon emission for BB84 with TR6 (Round 10)
2023-11-05 02:49:10,375:	 DEBUG	 348887502	 TR8 finished receiving photons from TR7 (Round 4)
2023-11-05 02:49:10,375:	 DEBUG	 348895835	 TR7 began photon emission for BB84 with TR8 (Round 10)
2023-11-05 02:49:10,380:	 DEBUG	 348932501	 TR9 finished receiving photons from TR8 (Round 14)
2023-11-05 02:49:10,381:	 DEBUG	 348990001	 TR9 received bases from TR8 (Round: 9)
2023-11-05 02:49:10,444:	 DEBUG	 352122501	 TR8 began photon emission for BB84 with TR9 (Round 18)
2023-11-05 02:49:10,447:	 DEBUG	 352155000	 TR6 received bases request from TR7 (Round 3)
2023-11-05 02:49:10,448:	 DEBUG	 352167501	 TR8 received bases request from TR9 (Round 12)
2023-11-05 02:49:10,449:	 DEBUG	 352225001	 TR8 received matching indices from TR9 (Round 7)
2023-11-05 02:49:10,456:	 DEBUG	 352626668	 TR9 began photon emission for BB84 with EN15 (Round 17)
2023-11-05 02:49:10,548:	 DEBUG	 352939167	 TR7 finished receiving photons from TR6 (Round 6)
2023-11-05 02:49:10,549:	 DEBUG	 352972503	 TR13 received matching indices from TR6 (Round 6)
2023-11-05 02:49:10,552:	 DEBUG	 353175835	 EN15 finished receiving photons from TR9 (Round 10)
2023-11-05 02:49:10,554:	 DEBUG	 353228336	 TR6 received bases from TR13 (Round: 7)
2023-11-05 02:49:10,559:	 DEBUG	 353484169	 TR13 received bases request from TR6 (Round 8)
2023-11-05 02:49:10,565:	 DEBUG	 353735834	 TR6 began photon emission for BB84 with TR7 (Round 10)
2023-11-05 02:49:10,569:	 DEBUG	 353737502	 TR9 received bases request from EN15 (Round 4)
2023-11-05 02:49:10,569:	 DEBUG	 353740002	 TR6 finished receiving photons from TR13 (Round 9)
2023-11-05 02:49:10,575:	 DEBUG	 354008335	 TR13 began photon emission for BB84 with TR6 (Round 11)
2023-11-05 02:49:10,605:	 DEBUG	 355300002	 TR8 finished receiving photons from TR7 (Round 5)
2023-11-05 02:49:10,605:	 DEBUG	 355308335	 TR7 began photon emission for BB84 with TR8 (Round 11)
2023-11-05 02:49:10,610:	 DEBUG	 355345001	 TR9 finished receiving photons from TR8 (Round 15)
2023-11-05 02:49:10,612:	 DEBUG	 355402501	 TR9 received bases from TR8 (Round: 10)
2023-11-05 02:49:10,657:	 DEBUG	 357783333	 TR7 received bases from TR6 (Round: 1)
2023-11-05 02:49:10,673:	 DEBUG	 358535001	 TR8 began photon emission for BB84 with TR9 (Round 19)
2023-11-05 02:49:10,677:	 DEBUG	 358567500	 TR6 received bases request from TR7 (Round 4)
2023-11-05 02:49:10,677:	 DEBUG	 358580001	 TR8 received bases request from TR9 (Round 13)
2023-11-05 02:49:10,680:	 DEBUG	 358637501	 TR8 received matching indices from TR9 (Round 8)
2023-11-05 02:49:10,690:	 DEBUG	 359039168	 TR9 began photon emission for BB84 with EN15 (Round 18)
2023-11-05 02:49:10,699:	 DEBUG	 359351667	 TR7 finished receiving photons from TR6 (Round 7)
2023-11-05 02:49:10,700:	 DEBUG	 359385003	 TR13 received matching indices from TR6 (Round 7)
2023-11-05 02:49:10,704:	 DEBUG	 359588335	 EN15 finished receiving photons from TR9 (Round 11)
2023-11-05 02:49:10,706:	 DEBUG	 359640836	 TR6 received bases from TR13 (Round: 8)
2023-11-05 02:49:10,710:	 DEBUG	 359896669	 TR13 received bases request from TR6 (Round 9)
2023-11-05 02:49:10,714:	 DEBUG	 360148334	 TR6 began photon emission for BB84 with TR7 (Round 11)
2023-11-05 02:49:10,718:	 DEBUG	 360150002	 TR9 received bases request from EN15 (Round 5)
2023-11-05 02:49:10,718:	 DEBUG	 360152502	 TR6 finished receiving photons from TR13 (Round 10)
2023-11-05 02:49:10,723:	 DEBUG	 360420835	 TR13 began photon emission for BB84 with TR6 (Round 12)
2023-11-05 02:49:10,751:	 DEBUG	 361712502	 TR8 finished receiving photons from TR7 (Round 6)
2023-11-05 02:49:10,751:	 DEBUG	 361716669	 TR7 received bases request from TR8 (Round 1)
2023-11-05 02:49:10,751:	 DEBUG	 361720835	 TR7 began photon emission for BB84 with TR8 (Round 12)
2023-11-05 02:49:10,756:	 DEBUG	 361757501	 TR9 finished receiving photons from TR8 (Round 16)
2023-11-05 02:49:10,757:	 DEBUG	 361815001	 TR9 received bases from TR8 (Round: 11)
2023-11-05 02:49:10,757:	 INFO	 361815001	 TR9 generated a valid key with TR8 (Round 11)
2023-11-05 02:49:10,757:	 INFO	 361815001	 TR9's sifted key: [1, 0, 1, 0, 1, 1, 0, 1, 0, 0, 1, 0, 0, 0, 0, 1, 1, 0, 1, 1, 1, 0, 0, 1, 0, 1, 0, 1, 0, 1, 1, 0, 0, 1, 1, 1, 1, 1, 0, 0, 0, 0, 1, 0, 0, 0, 1, 1, 0, 0, 1, 1, 1, 0, 1, 1, 1, 0, 0, 1, 0, 1, 0, 0, 0, 1, 1, 0, 1, 1, 0, 1, 1, 0, 1, 0, 0, 1, 1, 0, 1, 1, 0, 0, 1, 1, 0, 0, 1, 0, 1, 1, 0, 1, 0, 1, 1, 0, 0, 1, 0, 1, 0, 0, 1, 0, 0, 0, 0, 0, 1, 0, 0, 0, 0, 0, 0, 1, 0, 1, 1, 0, 1, 0, 0, 1, 0, 1, 1, 0, 1, 0, 1, 1, 0, 1, 0, 1, 1, 0, 0, 0, 1, 1, 1, 1, 1, 1, 0, 0, 0, 1, 0, 0, 1, 1, 0, 0, 0, 1, 0, 0, 1, 0, 0, 1, 0, 0, 1, 0, 1, 0, 0, 1, 1, 0, 1, 0, 0, 0, 1, 1, 0, 1, 0, 1, 1, 0, 1, 1, 1, 1, 0, 1, 0, 0, 1, 1, 0, 0, 0, 1, 1, 0, 1, 1, 1, 1, 0, 0, 1, 0, 0, 0, 1, 1, 1, 0, 1, 0, 0, 1, 0, 0, 1, 1, 0, 0, 0, 1, 0, 0, 1, 1, 1, 1, 1, 1, 0, 1, 0, 0, 1, 0, 1, 0, 1, 1, 0, 1, 0, 1, 1, 1, 0, 0]
2023-11-05 02:49:10,758:	 INFO	 361815001	 TR9's sifted key (Decimal): 78309707912745559573538994578038140024715734702993838324361395779155556903772
2023-11-05 02:49:10,758:	 INFO	 361815001	 TR9 finished key generation with TR8
2023-11-05 02:49:10,758:	 INFO	 361815001	 TR9's sifted keys (with TR8 in decimal): [78309707912745559573538994578038140024715734702993838324361395779155556903772]
2023-11-05 02:49:10,802:	 DEBUG	 364195833	 TR7 received bases from TR6 (Round: 2)
2023-11-05 02:49:10,817:	 DEBUG	 364947501	 TR8 began photon emission for BB84 with TR9 (Round 20)
2023-11-05 02:49:10,822:	 DEBUG	 364980000	 TR6 received bases request from TR7 (Round 5)
2023-11-05 02:49:10,822:	 DEBUG	 364992501	 TR8 received bases request from TR9 (Round 14)
2023-11-05 02:49:10,824:	 DEBUG	 365050001	 TR8 received matching indices from TR9 (Round 9)
2023-11-05 02:49:10,832:	 DEBUG	 365451668	 TR9 began photon emission for BB84 with EN15 (Round 19)
2023-11-05 02:49:10,841:	 DEBUG	 365764167	 TR7 finished receiving photons from TR6 (Round 8)
2023-11-05 02:49:10,842:	 DEBUG	 365797503	 TR13 received matching indices from TR6 (Round 8)
2023-11-05 02:49:10,846:	 DEBUG	 366000835	 EN15 finished receiving photons from TR9 (Round 12)
2023-11-05 02:49:10,847:	 DEBUG	 366053336	 TR6 received bases from TR13 (Round: 9)
2023-11-05 02:49:10,851:	 DEBUG	 366309169	 TR13 received bases request from TR6 (Round 10)
2023-11-05 02:49:10,858:	 DEBUG	 366560834	 TR6 began photon emission for BB84 with TR7 (Round 12)
2023-11-05 02:49:10,863:	 DEBUG	 366562502	 TR9 received bases request from EN15 (Round 6)
2023-11-05 02:49:10,863:	 DEBUG	 366565002	 TR6 finished receiving photons from TR13 (Round 11)
2023-11-05 02:49:10,870:	 DEBUG	 366833335	 TR13 began photon emission for BB84 with TR6 (Round 13)
2023-11-05 02:49:10,899:	 DEBUG	 368125002	 TR8 finished receiving photons from TR7 (Round 7)
2023-11-05 02:49:10,900:	 DEBUG	 368129169	 TR7 received bases request from TR8 (Round 2)
2023-11-05 02:49:10,900:	 DEBUG	 368133335	 TR7 began photon emission for BB84 with TR8 (Round 13)
2023-11-05 02:49:10,953:	 DEBUG	 370608333	 TR7 received bases from TR6 (Round: 3)
2023-11-05 02:49:10,968:	 DEBUG	 371360001	 TR8 began photon emission for BB84 with TR9 (Round 21)
2023-11-05 02:49:10,972:	 DEBUG	 371392500	 TR6 received bases request from TR7 (Round 6)
2023-11-05 02:49:10,973:	 DEBUG	 371405001	 TR8 received bases request from TR9 (Round 15)
2023-11-05 02:49:10,974:	 DEBUG	 371462501	 TR8 received matching indices from TR9 (Round 10)
2023-11-05 02:49:10,982:	 DEBUG	 371864168	 TR9 began photon emission for BB84 with EN15 (Round 20)
2023-11-05 02:49:10,991:	 DEBUG	 372176667	 TR7 finished receiving photons from TR6 (Round 9)
2023-11-05 02:49:10,993:	 DEBUG	 372210003	 TR13 received matching indices from TR6 (Round 9)
2023-11-05 02:49:10,996:	 DEBUG	 372413335	 EN15 finished receiving photons from TR9 (Round 13)
2023-11-05 02:49:10,998:	 DEBUG	 372465836	 TR6 received bases from TR13 (Round: 10)
2023-11-05 02:49:11,002:	 DEBUG	 372721669	 TR13 received bases request from TR6 (Round 11)
2023-11-05 02:49:11,007:	 DEBUG	 372973334	 TR6 began photon emission for BB84 with TR7 (Round 13)
2023-11-05 02:49:11,011:	 DEBUG	 372975002	 TR9 received bases request from EN15 (Round 7)
2023-11-05 02:49:11,011:	 DEBUG	 372977502	 TR6 finished receiving photons from TR13 (Round 12)
2023-11-05 02:49:11,017:	 DEBUG	 373245835	 TR13 began photon emission for BB84 with TR6 (Round 14)
2023-11-05 02:49:11,027:	 DEBUG	 373536669	 EN15 received bases from TR9 (Round: 1)
2023-11-05 02:49:11,047:	 DEBUG	 374537502	 TR8 finished receiving photons from TR7 (Round 8)
2023-11-05 02:49:11,048:	 DEBUG	 374541669	 TR7 received bases request from TR8 (Round 3)
2023-11-05 02:49:11,048:	 DEBUG	 374545835	 TR7 began photon emission for BB84 with TR8 (Round 14)
2023-11-05 02:49:11,087:	 DEBUG	 376236666	 TR6 received matching indices from TR7 (Round 1)
2023-11-05 02:49:11,103:	 DEBUG	 377020833	 TR7 received bases from TR6 (Round: 4)
2023-11-05 02:49:11,117:	 DEBUG	 377772501	 TR8 began photon emission for BB84 with TR9 (Round 22)
2023-11-05 02:49:11,121:	 DEBUG	 377805000	 TR6 received bases request from TR7 (Round 7)
2023-11-05 02:49:11,122:	 DEBUG	 377817501	 TR8 received bases request from TR9 (Round 16)
2023-11-05 02:49:11,123:	 DEBUG	 377875001	 TR8 received matching indices from TR9 (Round 11)
2023-11-05 02:49:11,123:	 INFO	 377875001	 TR8 generated a valid key with TR9 (Round 11)
2023-11-05 02:49:11,123:	 INFO	 377875001	 TR8's sifted key: [1, 0, 1, 0, 1, 1, 0, 1, 0, 0, 1, 0, 0, 0, 0, 1, 1, 0, 1, 1, 1, 0, 0, 1, 0, 1, 0, 1, 0, 1, 1, 0, 0, 1, 1, 1, 1, 1, 0, 0, 0, 0, 1, 0, 0, 0, 1, 1, 0, 0, 1, 1, 1, 0, 1, 1, 1, 0, 0, 1, 0, 1, 0, 0, 0, 1, 1, 0, 1, 1, 0, 1, 1, 0, 1, 0, 0, 1, 1, 0, 1, 1, 0, 0, 1, 1, 0, 0, 1, 0, 1, 1, 0, 1, 0, 1, 1, 0, 0, 1, 0, 1, 0, 0, 1, 0, 0, 0, 0, 0, 1, 0, 0, 0, 0, 0, 0, 1, 0, 1, 1, 0, 1, 0, 0, 1, 0, 1, 1, 0, 1, 0, 1, 1, 0, 1, 0, 1, 1, 0, 0, 0, 1, 1, 1, 1, 1, 1, 0, 0, 0, 1, 0, 0, 1, 1, 0, 0, 0, 1, 0, 0, 1, 0, 0, 1, 0, 0, 1, 0, 1, 0, 0, 1, 1, 0, 1, 0, 0, 0, 1, 1, 0, 1, 0, 1, 1, 0, 1, 1, 1, 1, 0, 1, 0, 0, 1, 1, 0, 0, 0, 1, 1, 0, 1, 1, 1, 1, 0, 0, 1, 0, 0, 0, 1, 1, 1, 0, 1, 0, 0, 1, 0, 0, 1, 1, 0, 0, 0, 1, 0, 0, 1, 1, 1, 1, 1, 1, 0, 1, 0, 0, 1, 0, 1, 0, 1, 1, 0, 1, 0, 1, 1, 1, 0, 0]
2023-11-05 02:49:11,123:	 INFO	 377875001	 TR8's sifted key (Decimal): 78309707912745559573538994578038140024715734702993838324361395779155556903772
2023-11-05 02:49:11,123:	 INFO	 377875001	 TR8 finished key generation with TR9
2023-11-05 02:49:11,123:	 INFO	 377875001	 TR8's sifted keys (with TR9 in decimal): [78309707912745559573538994578038140024715734702993838324361395779155556903772]
2023-11-05 02:49:11,123:	 INFO	 377875001	 Sifted key rate: 1757.0031 kbit/s
2023-11-05 02:49:11,123:	 INFO	 377875001	 Key error rate: 0.0000
2023-11-05 02:49:11,133:	 DEBUG	 378276668	 TR9 began photon emission for BB84 with EN15 (Round 21)
2023-11-05 02:49:11,143:	 DEBUG	 378589167	 TR7 finished receiving photons from TR6 (Round 10)
2023-11-05 02:49:11,144:	 DEBUG	 378622503	 TR13 received matching indices from TR6 (Round 10)
2023-11-05 02:49:11,148:	 DEBUG	 378825835	 EN15 finished receiving photons from TR9 (Round 14)
2023-11-05 02:49:11,150:	 DEBUG	 378878336	 TR6 received bases from TR13 (Round: 11)
2023-11-05 02:49:11,150:	 INFO	 378878336	 TR6 generated a valid key with TR13 (Round 11)
2023-11-05 02:49:11,150:	 INFO	 378878336	 TR6's sifted key: [0, 0, 1, 0, 1, 0, 1, 0, 1, 0, 1, 0, 1, 1, 0, 1, 1, 0, 0, 1, 0, 0, 1, 1, 1, 0, 0, 1, 0, 0, 0, 1, 0, 0, 1, 0, 1, 0, 0, 1, 0, 1, 1, 1, 0, 1, 1, 0, 1, 1, 0, 1, 1, 1, 1, 1, 0, 0, 1, 0, 1, 0, 0, 0, 0, 0, 0, 1, 1, 1, 0, 1, 1, 1, 1, 0, 1, 0, 1, 0, 1, 1, 0, 1, 0, 1, 0, 1, 0, 1, 1, 0, 1, 0, 1, 0, 1, 1, 0, 1, 0, 1, 1, 1, 0, 1, 0, 1, 1, 0, 1, 1, 0, 1, 0, 1, 0, 0, 1, 1, 0, 0, 0, 1, 1, 1, 0, 1, 0, 1, 1, 1, 0, 0, 1, 1, 0, 1, 0, 0, 1, 0, 0, 1, 1, 0, 0, 1, 0, 1, 0, 1, 1, 1, 0, 1, 0, 0, 1, 0, 1, 1, 1, 1, 0, 0, 1, 1, 0, 1, 0, 1, 1, 0, 0, 1, 0, 0, 0, 0, 1, 1, 1, 0, 0, 1, 0, 1, 1, 1, 1, 1, 0, 1, 0, 0, 0, 0, 1, 1, 0, 1, 0, 1, 0, 0, 1, 1, 1, 1, 1, 0, 1, 0, 1, 1, 0, 0, 1, 0, 1, 1, 0, 1, 0, 1, 0, 1, 0, 1, 1, 0, 0, 1, 1, 0, 1, 0, 0, 1, 0, 0, 1, 1, 1, 1, 0, 0, 0, 0, 0, 0, 0, 1, 1, 0]
2023-11-05 02:49:11,150:	 INFO	 378878336	 TR6's sifted key (Decimal): 19303822652975798692270378261759073878160471179498552255782796029084182330374
2023-11-05 02:49:11,150:	 INFO	 378878336	 TR6 finished key generation with TR13
2023-11-05 02:49:11,150:	 INFO	 378878336	 TR6's sifted keys (with TR13 in decimal): [19303822652975798692270378261759073878160471179498552255782796029084182330374]
2023-11-05 02:49:11,155:	 DEBUG	 379134169	 TR13 received bases request from TR6 (Round 12)
2023-11-05 02:49:11,160:	 DEBUG	 379385834	 TR6 began photon emission for BB84 with TR7 (Round 14)
2023-11-05 02:49:11,164:	 DEBUG	 379387502	 TR9 received bases request from EN15 (Round 8)
2023-11-05 02:49:11,169:	 DEBUG	 379658335	 TR13 began photon emission for BB84 with TR6 (Round 15)
2023-11-05 02:49:11,179:	 DEBUG	 379949169	 EN15 received bases from TR9 (Round: 2)
2023-11-05 02:49:11,199:	 DEBUG	 380950002	 TR8 finished receiving photons from TR7 (Round 9)
2023-11-05 02:49:11,200:	 DEBUG	 380954169	 TR7 received bases request from TR8 (Round 4)
2023-11-05 02:49:11,200:	 DEBUG	 380958335	 TR7 began photon emission for BB84 with TR8 (Round 15)
2023-11-05 02:49:11,342:	 DEBUG	 382649166	 TR6 received matching indices from TR7 (Round 2)
2023-11-05 02:49:11,356:	 DEBUG	 383433333	 TR7 received bases from TR6 (Round: 5)
2023-11-05 02:49:11,372:	 DEBUG	 384217500	 TR6 received bases request from TR7 (Round 8)
2023-11-05 02:49:11,381:	 DEBUG	 384689168	 TR9 began photon emission for BB84 with EN15 (Round 22)
2023-11-05 02:49:11,391:	 DEBUG	 385001667	 TR7 finished receiving photons from TR6 (Round 11)
2023-11-05 02:49:11,392:	 DEBUG	 385035003	 TR13 received matching indices from TR6 (Round 11)
2023-11-05 02:49:11,392:	 INFO	 385035003	 TR13 generated a valid key with TR6 (Round 11)
2023-11-05 02:49:11,392:	 INFO	 385035003	 TR13's sifted key: [0, 0, 1, 0, 1, 0, 1, 0, 1, 0, 1, 0, 1, 1, 0, 1, 1, 0, 0, 1, 0, 0, 1, 1, 1, 0, 0, 1, 0, 0, 0, 1, 0, 0, 1, 0, 1, 0, 0, 1, 0, 1, 1, 1, 0, 1, 1, 0, 1, 1, 0, 1, 1, 1, 1, 1, 0, 0, 1, 0, 1, 0, 0, 0, 0, 0, 0, 1, 1, 1, 0, 1, 1, 1, 1, 0, 1, 0, 1, 0, 1, 1, 0, 1, 0, 1, 0, 1, 0, 1, 1, 0, 1, 0, 1, 0, 1, 1, 0, 1, 0, 1, 1, 1, 0, 1, 0, 1, 1, 0, 1, 1, 0, 1, 0, 1, 0, 0, 1, 1, 0, 0, 0, 1, 1, 1, 0, 1, 0, 1, 1, 1, 0, 0, 1, 1, 0, 1, 0, 0, 1, 0, 0, 1, 1, 0, 0, 1, 0, 1, 0, 1, 1, 1, 0, 1, 0, 0, 1, 0, 1, 1, 1, 1, 0, 0, 1, 1, 0, 1, 0, 1, 1, 0, 0, 1, 0, 0, 0, 0, 1, 1, 1, 0, 0, 1, 0, 1, 1, 1, 1, 1, 0, 1, 0, 0, 0, 0, 1, 1, 0, 1, 0, 1, 0, 0, 1, 1, 1, 1, 1, 0, 1, 0, 1, 1, 0, 0, 1, 0, 1, 1, 0, 1, 0, 1, 0, 1, 0, 1, 1, 0, 0, 1, 1, 0, 1, 0, 0, 1, 0, 0, 1, 1, 1, 1, 0, 0, 0, 0, 0, 0, 0, 1, 1, 0]
2023-11-05 02:49:11,392:	 INFO	 385035003	 TR13's sifted key (Decimal): 19303822652975798692270378261759073878160471179498552255782796029084182330374
2023-11-05 02:49:11,392:	 INFO	 385035003	 TR13 finished key generation with TR6
2023-11-05 02:49:11,392:	 INFO	 385035003	 TR13's sifted keys (with TR6 in decimal): [19303822652975798692270378261759073878160471179498552255782796029084182330374]
2023-11-05 02:49:11,392:	 INFO	 385035003	 Sifted key rate: 2763.8397 kbit/s
2023-11-05 02:49:11,393:	 INFO	 385035003	 Key error rate: 0.0000
2023-11-05 02:49:11,398:	 DEBUG	 385238335	 EN15 finished receiving photons from TR9 (Round 15)
2023-11-05 02:49:11,408:	 DEBUG	 385798334	 TR6 began photon emission for BB84 with TR7 (Round 15)
2023-11-05 02:49:11,412:	 DEBUG	 385800002	 TR9 received bases request from EN15 (Round 9)
2023-11-05 02:49:11,421:	 DEBUG	 386361669	 EN15 received bases from TR9 (Round: 3)
2023-11-05 02:49:11,439:	 DEBUG	 387362502	 TR8 finished receiving photons from TR7 (Round 10)
2023-11-05 02:49:11,439:	 DEBUG	 387366669	 TR7 received bases request from TR8 (Round 5)
2023-11-05 02:49:11,439:	 DEBUG	 387370835	 TR7 began photon emission for BB84 with TR8 (Round 16)
2023-11-05 02:49:11,477:	 DEBUG	 389061666	 TR6 received matching indices from TR7 (Round 3)
2023-11-05 02:49:11,491:	 DEBUG	 389845833	 TR7 received bases from TR6 (Round: 6)
2023-11-05 02:49:11,508:	 DEBUG	 390630000	 TR6 received bases request from TR7 (Round 9)
2023-11-05 02:49:11,517:	 DEBUG	 391101668	 TR9 began photon emission for BB84 with EN15 (Round 23)
2023-11-05 02:49:11,527:	 DEBUG	 391414167	 TR7 finished receiving photons from TR6 (Round 12)
2023-11-05 02:49:11,532:	 DEBUG	 391650835	 EN15 finished receiving photons from TR9 (Round 16)
2023-11-05 02:49:11,544:	 DEBUG	 392210834	 TR6 began photon emission for BB84 with TR7 (Round 16)
2023-11-05 02:49:11,548:	 DEBUG	 392212502	 TR9 received bases request from EN15 (Round 10)
2023-11-05 02:49:11,557:	 DEBUG	 392774169	 EN15 received bases from TR9 (Round: 4)
2023-11-05 02:49:11,573:	 DEBUG	 393775002	 TR8 finished receiving photons from TR7 (Round 11)
2023-11-05 02:49:11,574:	 DEBUG	 393779169	 TR7 received bases request from TR8 (Round 6)
2023-11-05 02:49:11,574:	 DEBUG	 393783335	 TR7 began photon emission for BB84 with TR8 (Round 17)
2023-11-05 02:49:11,578:	 DEBUG	 393783336	 TR8 received bases from TR7 (Round: 1)
2023-11-05 02:49:11,602:	 DEBUG	 395474166	 TR6 received matching indices from TR7 (Round 4)
2023-11-05 02:49:11,614:	 DEBUG	 396258333	 TR7 received bases from TR6 (Round: 7)
2023-11-05 02:49:11,627:	 DEBUG	 397042500	 TR6 received bases request from TR7 (Round 10)
2023-11-05 02:49:11,634:	 DEBUG	 397514168	 TR9 began photon emission for BB84 with EN15 (Round 24)
2023-11-05 02:49:11,642:	 DEBUG	 397826667	 TR7 finished receiving photons from TR6 (Round 13)
2023-11-05 02:49:11,646:	 DEBUG	 398063335	 EN15 finished receiving photons from TR9 (Round 17)
2023-11-05 02:49:11,655:	 DEBUG	 398623334	 TR6 began photon emission for BB84 with TR7 (Round 17)
2023-11-05 02:49:11,659:	 DEBUG	 398625002	 TR9 received bases request from EN15 (Round 11)
2023-11-05 02:49:11,667:	 DEBUG	 399186669	 EN15 received bases from TR9 (Round: 5)
2023-11-05 02:49:11,682:	 DEBUG	 400187502	 TR8 finished receiving photons from TR7 (Round 12)
2023-11-05 02:49:11,683:	 DEBUG	 400191669	 TR7 received bases request from TR8 (Round 7)
2023-11-05 02:49:11,683:	 DEBUG	 400195835	 TR7 began photon emission for BB84 with TR8 (Round 18)
2023-11-05 02:49:11,686:	 DEBUG	 400195836	 TR8 received bases from TR7 (Round: 2)
2023-11-05 02:49:11,708:	 DEBUG	 401886666	 TR6 received matching indices from TR7 (Round 5)
2023-11-05 02:49:11,716:	 DEBUG	 402670833	 TR7 received bases from TR6 (Round: 8)
2023-11-05 02:49:11,722:	 DEBUG	 403455000	 TR6 received bases request from TR7 (Round 11)
2023-11-05 02:49:11,728:	 DEBUG	 403926668	 TR9 began photon emission for BB84 with EN15 (Round 25)
2023-11-05 02:49:11,733:	 DEBUG	 404086668	 TR13 received message 'START' from EN13
2023-11-05 02:49:11,733:	 DEBUG	 404086668	 EN13 began photon emission for BB84 with TR13 (Round 1)
2023-11-05 02:49:11,739:	 DEBUG	 404239167	 TR7 finished receiving photons from TR6 (Round 14)
2023-11-05 02:49:11,741:	 DEBUG	 404475835	 EN15 finished receiving photons from TR9 (Round 18)
2023-11-05 02:49:11,749:	 DEBUG	 405035834	 TR6 began photon emission for BB84 with TR7 (Round 18)
2023-11-05 02:49:11,752:	 DEBUG	 405037502	 TR9 received bases request from EN15 (Round 12)
2023-11-05 02:49:11,760:	 DEBUG	 405599169	 EN15 received bases from TR9 (Round: 6)
2023-11-05 02:49:11,772:	 DEBUG	 406600002	 TR8 finished receiving photons from TR7 (Round 13)
2023-11-05 02:49:11,772:	 DEBUG	 406604169	 TR7 received bases request from TR8 (Round 8)
2023-11-05 02:49:11,772:	 DEBUG	 406608335	 TR7 began photon emission for BB84 with TR8 (Round 19)
2023-11-05 02:49:11,776:	 DEBUG	 406608336	 TR8 received bases from TR7 (Round: 3)
2023-11-05 02:49:11,794:	 DEBUG	 408299166	 TR6 received matching indices from TR7 (Round 6)
2023-11-05 02:49:11,801:	 DEBUG	 409083333	 TR7 received bases from TR6 (Round: 9)
2023-11-05 02:49:11,812:	 DEBUG	 409867500	 TR6 received bases request from TR7 (Round 12)
2023-11-05 02:49:11,816:	 DEBUG	 410339168	 TR9 began photon emission for BB84 with EN15 (Round 26)
2023-11-05 02:49:11,821:	 DEBUG	 410499168	 EN13 began photon emission for BB84 with TR13 (Round 2)
2023-11-05 02:49:11,826:	 DEBUG	 410651667	 TR7 finished receiving photons from TR6 (Round 15)
2023-11-05 02:49:11,830:	 DEBUG	 410888335	 EN15 finished receiving photons from TR9 (Round 19)
2023-11-05 02:49:11,836:	 DEBUG	 411448334	 TR6 began photon emission for BB84 with TR7 (Round 19)
2023-11-05 02:49:11,840:	 DEBUG	 411450002	 TR9 received bases request from EN15 (Round 13)
2023-11-05 02:49:11,848:	 DEBUG	 412011669	 EN15 received bases from TR9 (Round: 7)
2023-11-05 02:49:11,855:	 DEBUG	 412573336	 TR9 received matching indices from EN15 (Round 1)
2023-11-05 02:49:11,861:	 DEBUG	 413012502	 TR8 finished receiving photons from TR7 (Round 14)
2023-11-05 02:49:11,861:	 DEBUG	 413016669	 TR7 received bases request from TR8 (Round 9)
2023-11-05 02:49:11,861:	 DEBUG	 413020835	 TR7 began photon emission for BB84 with TR8 (Round 20)
2023-11-05 02:49:11,865:	 DEBUG	 413020836	 TR8 received bases from TR7 (Round: 4)
2023-11-05 02:49:11,886:	 DEBUG	 414711666	 TR6 received matching indices from TR7 (Round 7)
2023-11-05 02:49:11,895:	 DEBUG	 415495833	 TR7 received bases from TR6 (Round: 10)
2023-11-05 02:49:11,895:	 INFO	 415495833	 TR7 generated a valid key with TR6 (Round 10)
2023-11-05 02:49:11,895:	 INFO	 415495833	 TR7's sifted key: [0, 0, 0, 1, 0, 1, 0, 0, 0, 0, 1, 0, 0, 1, 0, 1, 0, 1, 1, 0, 0, 1, 1, 0, 1, 1, 0, 1, 1, 1, 0, 1, 0, 0, 1, 0, 1, 1, 1, 0, 1, 1, 1, 1, 1, 0, 1, 1, 1, 0, 1, 1, 0, 1, 1, 0, 1, 0, 1, 0, 1, 0, 0, 1, 1, 1, 0, 0, 1, 1, 0, 0, 1, 0, 0, 0, 1, 1, 1, 1, 0, 1, 0, 1, 0, 0, 1, 1, 0, 1, 1, 0, 0, 0, 0, 1, 0, 1, 0, 1, 0, 1, 0, 1, 0, 0, 1, 1, 0, 0, 1, 0, 0, 1, 0, 0, 0, 1, 0, 1, 1, 0, 1, 1, 0, 0, 0, 0, 1, 0, 1, 0, 0, 1, 1, 1, 0, 1, 0, 0, 0, 0, 0, 1, 1, 1, 1, 0, 1, 1, 0, 0, 1, 1, 0, 0, 0, 1, 0, 1, 0, 1, 0, 1, 1, 1, 1, 0, 0, 0, 1, 0, 0, 0, 1, 0, 1, 0, 1, 1, 0, 0, 1, 1, 1, 1, 0, 1, 1, 1, 0, 1, 1, 0, 1, 1, 0, 1, 0, 1, 0, 0, 0, 1, 0, 1, 0, 1, 0, 1, 0, 0, 1, 0, 0, 1, 1, 1, 0, 0, 1, 0, 1, 1, 0, 1, 0, 1, 0, 0, 0, 1, 0, 1, 0, 0, 0, 1, 1, 1, 0, 1, 1, 1, 1, 0, 0, 1, 1, 0, 1, 0, 0, 1, 1, 0]
2023-11-05 02:49:11,895:	 INFO	 415495833	 TR7's sifted key (Decimal): 9112340254285628421754356182189752856176109205621005484485179240307287882150
2023-11-05 02:49:11,895:	 INFO	 415495833	 TR7 finished key generation with TR6
2023-11-05 02:49:11,895:	 INFO	 415495833	 TR7's sifted keys (with TR6 in decimal): [9112340254285628421754356182189752856176109205621005484485179240307287882150]
2023-11-05 02:49:11,904:	 DEBUG	 416280000	 TR6 received bases request from TR7 (Round 13)
2023-11-05 02:49:11,908:	 DEBUG	 416751668	 TR9 began photon emission for BB84 with EN15 (Round 27)
2023-11-05 02:49:11,914:	 DEBUG	 416911668	 EN13 began photon emission for BB84 with TR13 (Round 3)
2023-11-05 02:49:11,922:	 DEBUG	 417300835	 EN15 finished receiving photons from TR9 (Round 20)
2023-11-05 02:49:11,931:	 DEBUG	 417860834	 TR6 began photon emission for BB84 with TR7 (Round 20)
2023-11-05 02:49:11,935:	 DEBUG	 417862502	 TR9 received bases request from EN15 (Round 14)
2023-11-05 02:49:11,944:	 DEBUG	 418424169	 EN15 received bases from TR9 (Round: 8)
2023-11-05 02:49:11,949:	 DEBUG	 418985836	 TR9 received matching indices from EN15 (Round 2)
2023-11-05 02:49:11,956:	 DEBUG	 419425002	 TR8 finished receiving photons from TR7 (Round 15)
2023-11-05 02:49:11,956:	 DEBUG	 419429169	 TR7 received bases request from TR8 (Round 10)
2023-11-05 02:49:11,956:	 DEBUG	 419433335	 TR7 began photon emission for BB84 with TR8 (Round 21)
2023-11-05 02:49:11,960:	 DEBUG	 419433336	 TR8 received bases from TR7 (Round: 5)
2023-11-05 02:49:11,979:	 DEBUG	 421124166	 TR6 received matching indices from TR7 (Round 8)
2023-11-05 02:49:11,994:	 DEBUG	 422692500	 TR6 received bases request from TR7 (Round 14)
2023-11-05 02:49:11,999:	 DEBUG	 423164168	 TR9 began photon emission for BB84 with EN15 (Round 28)
2023-11-05 02:49:12,005:	 DEBUG	 423324168	 EN13 began photon emission for BB84 with TR13 (Round 4)
2023-11-05 02:49:12,013:	 DEBUG	 423713335	 EN15 finished receiving photons from TR9 (Round 21)
2023-11-05 02:49:12,020:	 DEBUG	 424273334	 TR6 began photon emission for BB84 with TR7 (Round 21)
2023-11-05 02:49:12,023:	 DEBUG	 424275002	 TR9 received bases request from EN15 (Round 15)
2023-11-05 02:49:12,030:	 DEBUG	 424836669	 EN15 received bases from TR9 (Round: 9)
2023-11-05 02:49:12,035:	 DEBUG	 425398336	 TR9 received matching indices from EN15 (Round 3)
2023-11-05 02:49:12,041:	 DEBUG	 425837502	 TR8 finished receiving photons from TR7 (Round 16)
2023-11-05 02:49:12,041:	 DEBUG	 425841669	 TR7 received bases request from TR8 (Round 11)
2023-11-05 02:49:12,041:	 DEBUG	 425845835	 TR7 began photon emission for BB84 with TR8 (Round 22)
2023-11-05 02:49:12,045:	 DEBUG	 425845836	 TR8 received bases from TR7 (Round: 6)
2023-11-05 02:49:12,045:	 DEBUG	 425850003	 TR7 received matching indices from TR8 (Round 1)
2023-11-05 02:49:12,064:	 DEBUG	 427536666	 TR6 received matching indices from TR7 (Round 9)
2023-11-05 02:49:12,080:	 DEBUG	 429105000	 TR6 received bases request from TR7 (Round 15)
2023-11-05 02:49:12,086:	 DEBUG	 429576668	 TR9 began photon emission for BB84 with EN15 (Round 29)
2023-11-05 02:49:12,091:	 DEBUG	 429736668	 EN13 began photon emission for BB84 with TR13 (Round 5)
2023-11-05 02:49:12,099:	 DEBUG	 430125835	 EN15 finished receiving photons from TR9 (Round 22)
2023-11-05 02:49:12,107:	 DEBUG	 430685834	 TR6 began photon emission for BB84 with TR7 (Round 22)
2023-11-05 02:49:12,111:	 DEBUG	 430687502	 TR9 received bases request from EN15 (Round 16)
2023-11-05 02:49:12,117:	 DEBUG	 431249169	 EN15 received bases from TR9 (Round: 10)
2023-11-05 02:49:12,123:	 DEBUG	 431810836	 TR9 received matching indices from EN15 (Round 4)
2023-11-05 02:49:12,129:	 DEBUG	 432250002	 TR8 finished receiving photons from TR7 (Round 17)
2023-11-05 02:49:12,129:	 DEBUG	 432254169	 TR7 received bases request from TR8 (Round 12)
2023-11-05 02:49:12,129:	 DEBUG	 432258335	 TR7 began photon emission for BB84 with TR8 (Round 23)
2023-11-05 02:49:12,259:	 DEBUG	 432258336	 TR8 received bases from TR7 (Round: 7)
2023-11-05 02:49:12,259:	 DEBUG	 432262503	 TR7 received matching indices from TR8 (Round 2)
2023-11-05 02:49:12,278:	 DEBUG	 433949166	 TR6 received matching indices from TR7 (Round 10)
2023-11-05 02:49:12,278:	 INFO	 433949166	 TR6 generated a valid key with TR7 (Round 10)
2023-11-05 02:49:12,278:	 INFO	 433949166	 TR6's sifted key: [0, 0, 0, 1, 0, 1, 0, 0, 0, 0, 1, 0, 0, 1, 0, 1, 0, 1, 1, 0, 0, 1, 1, 0, 1, 1, 0, 1, 1, 1, 0, 1, 0, 0, 1, 0, 1, 1, 1, 0, 1, 1, 1, 1, 1, 0, 1, 1, 1, 0, 1, 1, 0, 1, 1, 0, 1, 0, 1, 0, 1, 0, 0, 1, 1, 1, 0, 0, 1, 1, 0, 0, 1, 0, 0, 0, 1, 1, 1, 1, 0, 1, 0, 1, 0, 0, 1, 1, 0, 1, 1, 0, 0, 0, 0, 1, 0, 1, 0, 1, 0, 1, 0, 1, 0, 0, 1, 1, 0, 0, 1, 0, 0, 1, 0, 0, 0, 1, 0, 1, 1, 0, 1, 1, 0, 0, 0, 0, 1, 0, 1, 0, 0, 1, 1, 1, 0, 1, 0, 0, 0, 0, 0, 1, 1, 1, 1, 0, 1, 1, 0, 0, 1, 1, 0, 0, 0, 1, 0, 1, 0, 1, 0, 1, 1, 1, 1, 0, 0, 0, 1, 0, 0, 0, 1, 0, 1, 0, 1, 1, 0, 0, 1, 1, 1, 1, 0, 1, 1, 1, 0, 1, 1, 0, 1, 1, 0, 1, 0, 1, 0, 0, 0, 1, 0, 1, 0, 1, 0, 1, 0, 0, 1, 0, 0, 1, 1, 1, 0, 0, 1, 0, 1, 1, 0, 1, 0, 1, 0, 0, 0, 1, 0, 1, 0, 0, 0, 1, 1, 1, 0, 1, 1, 1, 1, 0, 0, 1, 1, 0, 1, 0, 0, 1, 1, 0]
2023-11-05 02:49:12,278:	 INFO	 433949166	 TR6's sifted key (Decimal): 9112340254285628421754356182189752856176109205621005484485179240307287882150
2023-11-05 02:49:12,278:	 INFO	 433949166	 TR6 finished key generation with TR7
2023-11-05 02:49:12,278:	 INFO	 433949166	 TR6's sifted keys (with TR7 in decimal): [9112340254285628421754356182189752856176109205621005484485179240307287882150]
2023-11-05 02:49:12,278:	 INFO	 433949166	 Sifted key rate: 1643.4414 kbit/s
2023-11-05 02:49:12,278:	 INFO	 433949166	 Key error rate: 0.0000
2023-11-05 02:49:12,300:	 DEBUG	 435989168	 TR9 began photon emission for BB84 with EN15 (Round 30)
2023-11-05 02:49:12,305:	 DEBUG	 436149168	 EN13 began photon emission for BB84 with TR13 (Round 6)
2023-11-05 02:49:12,312:	 DEBUG	 436538335	 EN15 finished receiving photons from TR9 (Round 23)
2023-11-05 02:49:12,318:	 DEBUG	 437100002	 TR9 received bases request from EN15 (Round 17)
2023-11-05 02:49:12,325:	 DEBUG	 437661669	 EN15 received bases from TR9 (Round: 11)
2023-11-05 02:49:12,330:	 DEBUG	 438223336	 TR9 received matching indices from EN15 (Round 5)
2023-11-05 02:49:12,333:	 DEBUG	 438662502	 TR8 finished receiving photons from TR7 (Round 18)
2023-11-05 02:49:12,333:	 DEBUG	 438666669	 TR7 received bases request from TR8 (Round 13)
2023-11-05 02:49:12,333:	 DEBUG	 438670835	 TR7 began photon emission for BB84 with TR8 (Round 24)
2023-11-05 02:49:12,337:	 DEBUG	 438670836	 TR8 received bases from TR7 (Round: 8)
2023-11-05 02:49:12,337:	 DEBUG	 438675003	 TR7 received matching indices from TR8 (Round 3)
2023-11-05 02:49:12,378:	 DEBUG	 442401668	 TR9 began photon emission for BB84 with EN15 (Round 31)
2023-11-05 02:49:12,383:	 DEBUG	 442561668	 EN13 began photon emission for BB84 with TR13 (Round 7)
2023-11-05 02:49:12,391:	 DEBUG	 442950835	 EN15 finished receiving photons from TR9 (Round 24)
2023-11-05 02:49:12,396:	 DEBUG	 443512502	 TR9 received bases request from EN15 (Round 18)
2023-11-05 02:49:12,402:	 DEBUG	 444074169	 EN15 received bases from TR9 (Round: 12)
2023-11-05 02:49:12,409:	 DEBUG	 444635836	 TR9 received matching indices from EN15 (Round 6)
2023-11-05 02:49:12,414:	 DEBUG	 445075002	 TR8 finished receiving photons from TR7 (Round 19)
2023-11-05 02:49:12,414:	 DEBUG	 445079169	 TR7 received bases request from TR8 (Round 14)
2023-11-05 02:49:12,415:	 DEBUG	 445083335	 TR7 began photon emission for BB84 with TR8 (Round 25)
2023-11-05 02:49:12,418:	 DEBUG	 445083336	 TR8 received bases from TR7 (Round: 9)
2023-11-05 02:49:12,418:	 DEBUG	 445087503	 TR7 received matching indices from TR8 (Round 4)
2023-11-05 02:49:12,458:	 DEBUG	 448814168	 TR9 began photon emission for BB84 with EN15 (Round 32)
2023-11-05 02:49:12,463:	 DEBUG	 448974168	 EN13 began photon emission for BB84 with TR13 (Round 8)
2023-11-05 02:49:12,469:	 DEBUG	 449363335	 EN15 finished receiving photons from TR9 (Round 25)
2023-11-05 02:49:12,475:	 DEBUG	 449925002	 TR9 received bases request from EN15 (Round 19)
2023-11-05 02:49:12,481:	 DEBUG	 450486669	 EN15 received bases from TR9 (Round: 13)
2023-11-05 02:49:12,487:	 DEBUG	 451048336	 TR9 received matching indices from EN15 (Round 7)
2023-11-05 02:49:12,492:	 DEBUG	 451487502	 TR8 finished receiving photons from TR7 (Round 20)
2023-11-05 02:49:12,492:	 DEBUG	 451491669	 TR7 received bases request from TR8 (Round 15)
2023-11-05 02:49:12,492:	 DEBUG	 451495835	 TR7 began photon emission for BB84 with TR8 (Round 26)
2023-11-05 02:49:12,496:	 DEBUG	 451495836	 TR8 received bases from TR7 (Round: 10)
2023-11-05 02:49:12,496:	 DEBUG	 451500003	 TR7 received matching indices from TR8 (Round 5)
2023-11-05 02:49:12,536:	 DEBUG	 455226668	 TR9 began photon emission for BB84 with EN15 (Round 33)
2023-11-05 02:49:12,541:	 DEBUG	 455386668	 EN13 began photon emission for BB84 with TR13 (Round 9)
2023-11-05 02:49:12,548:	 DEBUG	 455775835	 EN15 finished receiving photons from TR9 (Round 26)
2023-11-05 02:49:12,552:	 DEBUG	 456337502	 TR9 received bases request from EN15 (Round 20)
2023-11-05 02:49:12,558:	 DEBUG	 456899169	 EN15 received bases from TR9 (Round: 14)
2023-11-05 02:49:12,558:	 INFO	 456899169	 EN15 generated a valid key with TR9 (Round 14)
2023-11-05 02:49:12,558:	 INFO	 456899169	 EN15's sifted key: [0, 1, 1, 0, 0, 0, 1, 0, 1, 1, 1, 0, 1, 0, 0, 1, 0, 0, 1, 0, 1, 0, 1, 1, 1, 0, 1, 1, 0, 1, 1, 1, 0, 1, 0, 1, 1, 0, 1, 1, 1, 0, 1, 0, 1, 0, 1, 0, 1, 0, 1, 0, 0, 1, 0, 0, 1, 1, 0, 0, 0, 1, 0, 1, 0, 0, 1, 0, 1, 0, 1, 1, 1, 1, 0, 1, 0, 1, 0, 0, 0, 1, 0, 1, 0, 0, 0, 1, 1, 1, 1, 1, 0, 1, 1, 0, 1, 0, 0, 1, 0, 0, 1, 0, 0, 1, 1, 0, 1, 1, 0, 0, 0, 0, 0, 1, 0, 1, 0, 1, 1, 1, 0, 1, 0, 1, 1, 1, 1, 0, 1, 0, 0, 0, 0, 0, 0, 1, 1, 0, 1, 1, 1, 1, 0, 1, 0, 0, 0, 0, 1, 1, 0, 0, 0, 1, 0, 1, 0, 1, 0, 1, 1, 1, 1, 1, 0, 1, 0, 0, 0, 0, 0, 1, 0, 1, 1, 0, 0, 1, 0, 0, 1, 0, 0, 1, 0, 0, 1, 0, 0, 1, 0, 0, 0, 1, 1, 1, 1, 0, 0, 1, 0, 1, 0, 0, 1, 0, 0, 0, 1, 1, 1, 0, 1, 0, 0, 1, 1, 1, 1, 0, 0, 0, 1, 1, 1, 1, 0, 1, 1, 1, 0, 1, 1, 1, 0, 1, 0, 1, 1, 0, 1, 0, 1, 1, 0, 1, 1, 0, 1, 0, 1, 1, 0, 1]
2023-11-05 02:49:12,558:	 INFO	 456899169	 EN15's sifted key (Decimal): 44738636245670238953216466890856186717543455606338497439524481827934813138349
2023-11-05 02:49:12,558:	 INFO	 456899169	 EN15 finished key generation with TR9
2023-11-05 02:49:12,558:	 INFO	 456899169	 EN15's sifted keys (with TR9 in decimal): [44738636245670238953216466890856186717543455606338497439524481827934813138349]
2023-11-05 02:49:12,563:	 DEBUG	 457460836	 TR9 received matching indices from EN15 (Round 8)
2023-11-05 02:49:12,565:	 DEBUG	 457900002	 TR8 finished receiving photons from TR7 (Round 21)
2023-11-05 02:49:12,565:	 DEBUG	 457904169	 TR7 received bases request from TR8 (Round 16)
2023-11-05 02:49:12,565:	 DEBUG	 457908335	 TR7 began photon emission for BB84 with TR8 (Round 27)
2023-11-05 02:49:12,569:	 DEBUG	 457908336	 TR8 received bases from TR7 (Round: 11)
2023-11-05 02:49:12,569:	 DEBUG	 457912503	 TR7 received matching indices from TR8 (Round 6)
2023-11-05 02:49:12,595:	 DEBUG	 461639168	 TR9 began photon emission for BB84 with EN15 (Round 34)
2023-11-05 02:49:12,600:	 DEBUG	 461799168	 EN13 began photon emission for BB84 with TR13 (Round 10)
2023-11-05 02:49:12,609:	 DEBUG	 462750002	 TR9 received bases request from EN15 (Round 21)
2023-11-05 02:49:12,618:	 DEBUG	 463873336	 TR9 received matching indices from EN15 (Round 9)
2023-11-05 02:49:12,622:	 DEBUG	 464312502	 TR8 finished receiving photons from TR7 (Round 22)
2023-11-05 02:49:12,623:	 DEBUG	 464316669	 TR7 received bases request from TR8 (Round 17)
2023-11-05 02:49:12,623:	 DEBUG	 464320835	 TR7 began photon emission for BB84 with TR8 (Round 28)
2023-11-05 02:49:12,626:	 DEBUG	 464320836	 TR8 received bases from TR7 (Round: 12)
2023-11-05 02:49:12,626:	 INFO	 464320836	 TR8 generated a valid key with TR7 (Round 12)
2023-11-05 02:49:12,626:	 INFO	 464320836	 TR8's sifted key: [1, 0, 0, 1, 0, 0, 1, 0, 0, 0, 0, 1, 0, 0, 1, 1, 0, 1, 0, 0, 1, 0, 0, 1, 0, 0, 0, 1, 1, 1, 0, 0, 0, 1, 0, 0, 1, 1, 0, 1, 0, 1, 0, 0, 0, 1, 1, 0, 1, 0, 0, 0, 1, 0, 1, 0, 1, 0, 1, 1, 0, 1, 0, 1, 1, 0, 0, 1, 1, 1, 0, 1, 0, 1, 0, 1, 0, 1, 0, 0, 0, 0, 1, 0, 1, 1, 0, 0, 0, 1, 0, 1, 1, 0, 0, 0, 0, 0, 1, 1, 0, 1, 1, 0, 0, 1, 1, 1, 1, 1, 1, 0, 1, 1, 0, 0, 0, 0, 1, 1, 0, 1, 1, 0, 0, 0, 1, 0, 1, 0, 1, 0, 0, 1, 0, 0, 1, 1, 1, 1, 1, 1, 1, 1, 1, 1, 0, 1, 1, 1, 0, 1, 0, 1, 0, 1, 0, 1, 0, 1, 1, 0, 1, 0, 1, 1, 0, 0, 1, 0, 1, 1, 0, 0, 1, 1, 0, 1, 1, 1, 1, 1, 0, 1, 0, 1, 0, 0, 1, 0, 1, 0, 1, 0, 0, 0, 1, 1, 0, 0, 0, 1, 1, 0, 1, 0, 0, 0, 0, 0, 1, 0, 1, 0, 1, 0, 0, 1, 0, 1, 0, 1, 1, 0, 1, 0, 0, 0, 1, 0, 0, 1, 0, 1, 0, 1, 0, 0, 1, 1, 0, 1, 0, 0, 1, 1, 1, 0, 1, 1, 1, 0, 1, 0, 1, 1]
2023-11-05 02:49:12,626:	 INFO	 464320836	 TR8's sifted key (Decimal): 66071750577887570081837044346782807821255182982734515595041137470713571266283
2023-11-05 02:49:12,626:	 INFO	 464320836	 TR8 finished key generation with TR7
2023-11-05 02:49:12,626:	 INFO	 464320836	 TR8's sifted keys (with TR7 in decimal): [66071750577887570081837044346782807821255182982734515595041137470713571266283]
2023-11-05 02:49:12,627:	 DEBUG	 464325003	 TR7 received matching indices from TR8 (Round 7)
2023-11-05 02:49:12,661:	 DEBUG	 468051668	 TR9 began photon emission for BB84 with EN15 (Round 35)
2023-11-05 02:49:12,666:	 DEBUG	 468211668	 EN13 began photon emission for BB84 with TR13 (Round 11)
2023-11-05 02:49:12,678:	 DEBUG	 469162502	 TR9 received bases request from EN15 (Round 22)
2023-11-05 02:49:12,688:	 DEBUG	 470285836	 TR9 received matching indices from EN15 (Round 10)
2023-11-05 02:49:12,692:	 DEBUG	 470666668	 TR13 finished receiving photons from EN13 (Round 1)
2023-11-05 02:49:12,693:	 DEBUG	 470729169	 TR7 received bases request from TR8 (Round 18)
2023-11-05 02:49:12,693:	 DEBUG	 470733335	 TR7 began photon emission for BB84 with TR8 (Round 29)
2023-11-05 02:49:12,697:	 DEBUG	 470737503	 TR7 received matching indices from TR8 (Round 8)
2023-11-05 02:49:12,731:	 DEBUG	 474464168	 TR9 began photon emission for BB84 with EN15 (Round 36)
2023-11-05 02:49:12,736:	 DEBUG	 474624168	 EN13 began photon emission for BB84 with TR13 (Round 12)
2023-11-05 02:49:12,748:	 DEBUG	 475575002	 TR9 received bases request from EN15 (Round 23)
2023-11-05 02:49:12,757:	 DEBUG	 476698336	 TR9 received matching indices from EN15 (Round 11)
2023-11-05 02:49:12,761:	 DEBUG	 477079168	 TR13 finished receiving photons from EN13 (Round 2)
2023-11-05 02:49:12,763:	 DEBUG	 477141669	 TR7 received bases request from TR8 (Round 19)
2023-11-05 02:49:12,763:	 DEBUG	 477145835	 TR7 began photon emission for BB84 with TR8 (Round 30)
2023-11-05 02:49:12,766:	 DEBUG	 477150003	 TR7 received matching indices from TR8 (Round 9)
2023-11-05 02:49:12,800:	 DEBUG	 480876668	 TR9 began photon emission for BB84 with EN15 (Round 37)
2023-11-05 02:49:12,806:	 DEBUG	 481036668	 EN13 began photon emission for BB84 with TR13 (Round 13)
2023-11-05 02:49:12,818:	 DEBUG	 481987502	 TR9 received bases request from EN15 (Round 24)
2023-11-05 02:49:12,828:	 DEBUG	 483110836	 TR9 received matching indices from EN15 (Round 12)
2023-11-05 02:49:12,832:	 DEBUG	 483491668	 TR13 finished receiving photons from EN13 (Round 3)
2023-11-05 02:49:12,832:	 DEBUG	 483554169	 TR7 received bases request from TR8 (Round 20)
2023-11-05 02:49:12,832:	 DEBUG	 483558335	 TR7 began photon emission for BB84 with TR8 (Round 31)
2023-11-05 02:49:12,836:	 DEBUG	 483562503	 TR7 received matching indices from TR8 (Round 10)
2023-11-05 02:49:12,869:	 DEBUG	 487289168	 TR9 began photon emission for BB84 with EN15 (Round 38)
2023-11-05 02:49:12,874:	 DEBUG	 487449168	 EN13 began photon emission for BB84 with TR13 (Round 14)
2023-11-05 02:49:12,887:	 DEBUG	 488400002	 TR9 received bases request from EN15 (Round 25)
2023-11-05 02:49:12,899:	 DEBUG	 489523336	 TR9 received matching indices from EN15 (Round 13)
2023-11-05 02:49:12,903:	 DEBUG	 489904168	 TR13 finished receiving photons from EN13 (Round 4)
2023-11-05 02:49:12,903:	 DEBUG	 489966669	 TR7 received bases request from TR8 (Round 21)
2023-11-05 02:49:12,903:	 DEBUG	 489970835	 TR7 began photon emission for BB84 with TR8 (Round 32)
2023-11-05 02:49:12,907:	 DEBUG	 489975003	 TR7 received matching indices from TR8 (Round 11)
2023-11-05 02:49:12,942:	 DEBUG	 493701668	 TR9 began photon emission for BB84 with EN15 (Round 39)
2023-11-05 02:49:12,947:	 DEBUG	 493861668	 EN13 began photon emission for BB84 with TR13 (Round 15)
2023-11-05 02:49:12,959:	 DEBUG	 494812502	 TR9 received bases request from EN15 (Round 26)
2023-11-05 02:49:12,970:	 DEBUG	 495935836	 TR9 received matching indices from EN15 (Round 14)
2023-11-05 02:49:12,970:	 INFO	 495935836	 TR9 generated a valid key with EN15 (Round 14)
2023-11-05 02:49:12,970:	 INFO	 495935836	 TR9's sifted key: [0, 1, 1, 0, 0, 0, 1, 0, 1, 1, 1, 0, 1, 0, 0, 1, 0, 0, 1, 0, 1, 0, 1, 1, 1, 0, 1, 1, 0, 1, 1, 1, 0, 1, 0, 1, 1, 0, 1, 1, 1, 0, 1, 0, 1, 0, 1, 0, 1, 0, 1, 0, 0, 1, 0, 0, 1, 1, 0, 0, 0, 1, 0, 1, 0, 0, 1, 0, 1, 0, 1, 1, 1, 1, 0, 1, 0, 1, 0, 0, 0, 1, 0, 1, 0, 0, 0, 1, 1, 1, 1, 1, 0, 1, 1, 0, 1, 0, 0, 1, 0, 0, 1, 0, 0, 1, 1, 0, 1, 1, 0, 0, 0, 0, 0, 1, 0, 1, 0, 1, 1, 1, 0, 1, 0, 1, 1, 1, 1, 0, 1, 0, 0, 0, 0, 0, 0, 1, 1, 0, 1, 1, 1, 1, 0, 1, 0, 0, 0, 0, 1, 1, 0, 0, 0, 1, 0, 1, 0, 1, 0, 1, 1, 1, 1, 1, 0, 1, 0, 0, 0, 0, 0, 1, 0, 1, 1, 0, 0, 1, 0, 0, 1, 0, 0, 1, 0, 0, 1, 0, 0, 1, 0, 0, 0, 1, 1, 1, 1, 0, 0, 1, 0, 1, 0, 0, 1, 0, 0, 0, 1, 1, 1, 0, 1, 0, 0, 1, 1, 1, 1, 0, 0, 0, 1, 1, 1, 1, 0, 1, 1, 1, 0, 1, 1, 1, 0, 1, 0, 1, 1, 0, 1, 0, 1, 1, 0, 1, 1, 0, 1, 0, 1, 1, 0, 1]
2023-11-05 02:49:12,970:	 INFO	 495935836	 TR9's sifted key (Decimal): 44738636245670238953216466890856186717543455606338497439524481827934813138349
2023-11-05 02:49:12,970:	 INFO	 495935836	 TR9 finished key generation with EN15
2023-11-05 02:49:12,970:	 INFO	 495935836	 TR9's sifted keys (with EN15 in decimal): [44738636245670238953216466890856186717543455606338497439524481827934813138349]
2023-11-05 02:49:12,970:	 INFO	 495935836	 Sifted key rate: 937.0202 kbit/s
2023-11-05 02:49:12,970:	 INFO	 495935836	 Key error rate: 0.0000
2023-11-05 02:49:12,974:	 DEBUG	 496316668	 TR13 finished receiving photons from EN13 (Round 5)
2023-11-05 02:49:12,975:	 DEBUG	 496379169	 TR7 received bases request from TR8 (Round 22)
2023-11-05 02:49:12,975:	 DEBUG	 496383335	 TR7 began photon emission for BB84 with TR8 (Round 33)
2023-11-05 02:49:12,979:	 DEBUG	 496387503	 TR7 received matching indices from TR8 (Round 12)
2023-11-05 02:49:12,979:	 INFO	 496387503	 TR7 generated a valid key with TR8 (Round 12)
2023-11-05 02:49:12,979:	 INFO	 496387503	 TR7's sifted key: [1, 0, 0, 1, 0, 0, 1, 0, 0, 0, 0, 1, 0, 0, 1, 1, 0, 1, 0, 0, 1, 0, 0, 1, 0, 0, 0, 1, 1, 1, 0, 0, 0, 1, 0, 0, 1, 1, 0, 1, 0, 1, 0, 0, 0, 1, 1, 0, 1, 0, 0, 0, 1, 0, 1, 0, 1, 0, 1, 1, 0, 1, 0, 1, 1, 0, 0, 1, 1, 1, 0, 1, 0, 1, 0, 1, 0, 1, 0, 0, 0, 0, 1, 0, 1, 1, 0, 0, 0, 1, 0, 1, 1, 0, 0, 0, 0, 0, 1, 1, 0, 1, 1, 0, 0, 1, 1, 1, 1, 1, 1, 0, 1, 1, 0, 0, 0, 0, 1, 1, 0, 1, 1, 0, 0, 0, 1, 0, 1, 0, 1, 0, 0, 1, 0, 0, 1, 1, 1, 1, 1, 1, 1, 1, 1, 1, 0, 1, 1, 1, 0, 1, 0, 1, 0, 1, 0, 1, 0, 1, 1, 0, 1, 0, 1, 1, 0, 0, 1, 0, 1, 1, 0, 0, 1, 1, 0, 1, 1, 1, 1, 1, 0, 1, 0, 1, 0, 0, 1, 0, 1, 0, 1, 0, 0, 0, 1, 1, 0, 0, 0, 1, 1, 0, 1, 0, 0, 0, 0, 0, 1, 0, 1, 0, 1, 0, 0, 1, 0, 1, 0, 1, 1, 0, 1, 0, 0, 0, 1, 0, 0, 1, 0, 1, 0, 1, 0, 0, 1, 1, 0, 1, 0, 0, 1, 1, 1, 0, 1, 1, 1, 0, 1, 0, 1, 1]
2023-11-05 02:49:12,979:	 INFO	 496387503	 TR7's sifted key (Decimal): 66071750577887570081837044346782807821255182982734515595041137470713571266283
2023-11-05 02:49:12,979:	 INFO	 496387503	 TR7 finished key generation with TR8
2023-11-05 02:49:12,979:	 INFO	 496387503	 TR7's sifted keys (with TR8 in decimal): [66071750577887570081837044346782807821255182982734515595041137470713571266283]
2023-11-05 02:49:12,979:	 INFO	 496387503	 Sifted key rate: 1180.0860 kbit/s
2023-11-05 02:49:12,979:	 INFO	 496387503	 Key error rate: 0.0000
2023-11-05 02:49:13,013:	 DEBUG	 500274168	 EN13 began photon emission for BB84 with TR13 (Round 16)
2023-11-05 02:49:13,041:	 DEBUG	 502729168	 TR13 finished receiving photons from EN13 (Round 6)
2023-11-05 02:49:13,074:	 DEBUG	 506686668	 EN13 began photon emission for BB84 with TR13 (Round 17)
2023-11-05 02:49:13,097:	 DEBUG	 509141668	 TR13 finished receiving photons from EN13 (Round 7)
2023-11-05 02:49:13,127:	 DEBUG	 513099168	 EN13 began photon emission for BB84 with TR13 (Round 18)
2023-11-05 02:49:13,152:	 DEBUG	 515554168	 TR13 finished receiving photons from EN13 (Round 8)
2023-11-05 02:49:13,189:	 INFO	 519417503	 EN15 received 'CIPHERTEXT' of QKDApp from TR8
2023-11-05 02:49:13,190:	 DEBUG	 519511668	 EN13 began photon emission for BB84 with TR13 (Round 19)
2023-11-05 02:49:13,215:	 DEBUG	 521966668	 TR13 finished receiving photons from EN13 (Round 9)
2023-11-05 02:49:13,247:	 DEBUG	 525924168	 EN13 began photon emission for BB84 with TR13 (Round 20)
2023-11-05 02:49:13,273:	 DEBUG	 528379168	 TR13 finished receiving photons from EN13 (Round 10)
2023-11-05 02:49:13,295:	 DEBUG	 530846668	 EN13 received bases request from TR13 (Round 1)
2023-11-05 02:49:13,307:	 DEBUG	 532336668	 EN13 began photon emission for BB84 with TR13 (Round 21)
2023-11-05 02:49:13,332:	 DEBUG	 534791668	 TR13 finished receiving photons from EN13 (Round 11)
2023-11-05 02:49:13,333:	 INFO	 534972503	 EN15 received 'CIPHERTEXT' of QKDApp from TR9
2023-11-05 02:49:13,346:	 DEBUG	 537259168	 EN13 received bases request from TR13 (Round 2)
2023-11-05 02:49:13,355:	 DEBUG	 538749168	 EN13 began photon emission for BB84 with TR13 (Round 22)
2023-11-05 02:49:13,521:	 INFO	 539565833	 EN15 received 'CIPHERTEXT' of QKDApp from TR6
2023-11-05 02:49:13,524:	 DEBUG	 541204168	 TR13 finished receiving photons from EN13 (Round 12)
2023-11-05 02:49:13,529:	 DEBUG	 543671668	 EN13 received bases request from TR13 (Round 3)
2023-11-05 02:49:13,532:	 DEBUG	 545161668	 EN13 began photon emission for BB84 with TR13 (Round 23)
2023-11-05 02:49:13,540:	 DEBUG	 547616668	 TR13 finished receiving photons from EN13 (Round 13)
2023-11-05 02:49:13,546:	 DEBUG	 550084168	 EN13 received bases request from TR13 (Round 4)
2023-11-05 02:49:13,549:	 DEBUG	 551574168	 EN13 began photon emission for BB84 with TR13 (Round 24)
2023-11-05 02:49:13,558:	 DEBUG	 554029168	 TR13 finished receiving photons from EN13 (Round 14)
2023-11-05 02:49:13,564:	 DEBUG	 556496668	 EN13 received bases request from TR13 (Round 5)
2023-11-05 02:49:13,568:	 DEBUG	 557986668	 EN13 began photon emission for BB84 with TR13 (Round 25)
2023-11-05 02:49:13,579:	 DEBUG	 560441668	 TR13 finished receiving photons from EN13 (Round 15)
2023-11-05 02:49:13,585:	 DEBUG	 562909168	 EN13 received bases request from TR13 (Round 6)
2023-11-05 02:49:13,587:	 DEBUG	 564399168	 EN13 began photon emission for BB84 with TR13 (Round 26)
2023-11-05 02:49:13,598:	 DEBUG	 566854168	 TR13 finished receiving photons from EN13 (Round 16)
2023-11-05 02:49:13,604:	 DEBUG	 569321668	 EN13 received bases request from TR13 (Round 7)
2023-11-05 02:49:13,608:	 DEBUG	 570811668	 EN13 began photon emission for BB84 with TR13 (Round 27)
2023-11-05 02:49:13,617:	 DEBUG	 573266668	 TR13 finished receiving photons from EN13 (Round 17)
2023-11-05 02:49:13,620:	 INFO	 574009170	 TR9 received 'ACKNOWLEDGE' for ciphertext of QKDApp from EN15
2023-11-05 02:49:13,622:	 INFO	 574514170	 TR8 received 'ACKNOWLEDGE' for ciphertext of QKDApp from EN15
2023-11-05 02:49:13,624:	 DEBUG	 575734168	 EN13 received bases request from TR13 (Round 8)
2023-11-05 02:49:13,628:	 DEBUG	 577224168	 EN13 began photon emission for BB84 with TR13 (Round 28)
2023-11-05 02:49:13,636:	 DEBUG	 579679168	 TR13 finished receiving photons from EN13 (Round 18)
2023-11-05 02:49:13,642:	 DEBUG	 582146668	 EN13 received bases request from TR13 (Round 9)
2023-11-05 02:49:13,646:	 INFO	 583550837	 EN15 received 'CIPHERTEXT' of QKDApp from TR7
2023-11-05 02:49:13,647:	 DEBUG	 583636668	 EN13 began photon emission for BB84 with TR13 (Round 29)
2023-11-05 02:49:13,656:	 DEBUG	 586091668	 TR13 finished receiving photons from EN13 (Round 19)
2023-11-05 02:49:13,663:	 DEBUG	 588559168	 EN13 received bases request from TR13 (Round 10)
2023-11-05 02:49:13,667:	 DEBUG	 590049168	 EN13 began photon emission for BB84 with TR13 (Round 30)
2023-11-05 02:49:13,672:	 DEBUG	 591026668	 TR13 received bases from EN13 (Round: 1)
2023-11-05 02:49:13,674:	 DEBUG	 592504168	 TR13 finished receiving photons from EN13 (Round 20)
2023-11-05 02:49:13,681:	 DEBUG	 594971668	 EN13 received bases request from TR13 (Round 11)
2023-11-05 02:49:13,684:	 DEBUG	 596461668	 EN13 began photon emission for BB84 with TR13 (Round 31)
2023-11-05 02:49:13,690:	 DEBUG	 597439168	 TR13 received bases from EN13 (Round: 2)
2023-11-05 02:49:13,695:	 DEBUG	 598916668	 TR13 finished receiving photons from EN13 (Round 21)
2023-11-05 02:49:13,701:	 DEBUG	 601384168	 EN13 received bases request from TR13 (Round 12)
2023-11-05 02:49:13,704:	 DEBUG	 602874168	 EN13 began photon emission for BB84 with TR13 (Round 32)
2023-11-05 02:49:13,710:	 DEBUG	 603851668	 TR13 received bases from EN13 (Round: 3)
2023-11-05 02:49:13,713:	 DEBUG	 605329168	 TR13 finished receiving photons from EN13 (Round 22)
2023-11-05 02:49:13,720:	 DEBUG	 607796668	 EN13 received bases request from TR13 (Round 13)
2023-11-05 02:49:13,723:	 DEBUG	 609286668	 EN13 began photon emission for BB84 with TR13 (Round 33)
2023-11-05 02:49:13,730:	 DEBUG	 610264168	 TR13 received bases from EN13 (Round: 4)
2023-11-05 02:49:13,733:	 DEBUG	 611741668	 TR13 finished receiving photons from EN13 (Round 23)
2023-11-05 02:49:13,740:	 DEBUG	 614209168	 EN13 received bases request from TR13 (Round 14)
2023-11-05 02:49:13,744:	 DEBUG	 615699168	 EN13 began photon emission for BB84 with TR13 (Round 34)
2023-11-05 02:49:13,751:	 DEBUG	 616676668	 TR13 received bases from EN13 (Round: 5)
2023-11-05 02:49:13,754:	 DEBUG	 618154168	 TR13 finished receiving photons from EN13 (Round 24)
2023-11-05 02:49:13,760:	 DEBUG	 620621668	 EN13 received bases request from TR13 (Round 15)
2023-11-05 02:49:13,764:	 DEBUG	 622111668	 EN13 began photon emission for BB84 with TR13 (Round 35)
2023-11-05 02:49:13,770:	 DEBUG	 623089168	 TR13 received bases from EN13 (Round: 6)
2023-11-05 02:49:13,773:	 DEBUG	 624566668	 TR13 finished receiving photons from EN13 (Round 25)
2023-11-05 02:49:13,780:	 DEBUG	 627034168	 EN13 received bases request from TR13 (Round 16)
2023-11-05 02:49:13,782:	 DEBUG	 628524168	 EN13 began photon emission for BB84 with TR13 (Round 36)
2023-11-05 02:49:13,788:	 DEBUG	 629501668	 TR13 received bases from EN13 (Round: 7)
2023-11-05 02:49:13,792:	 DEBUG	 630979168	 TR13 finished receiving photons from EN13 (Round 26)
2023-11-05 02:49:13,796:	 DEBUG	 633446668	 EN13 received bases request from TR13 (Round 17)
2023-11-05 02:49:13,800:	 DEBUG	 634936668	 EN13 began photon emission for BB84 with TR13 (Round 37)
2023-11-05 02:49:13,805:	 DEBUG	 635914168	 TR13 received bases from EN13 (Round: 8)
2023-11-05 02:49:13,810:	 DEBUG	 637391668	 TR13 finished receiving photons from EN13 (Round 27)
2023-11-05 02:49:13,815:	 DEBUG	 639859168	 EN13 received bases request from TR13 (Round 18)
2023-11-05 02:49:13,819:	 DEBUG	 641349168	 EN13 began photon emission for BB84 with TR13 (Round 38)
2023-11-05 02:49:13,825:	 DEBUG	 642326668	 TR13 received bases from EN13 (Round: 9)
2023-11-05 02:49:13,830:	 DEBUG	 643804168	 TR13 finished receiving photons from EN13 (Round 28)
2023-11-05 02:49:13,833:	 INFO	 645182500	 TR6 received 'ACKNOWLEDGE' for ciphertext of QKDApp from EN15
2023-11-05 02:49:13,837:	 DEBUG	 646271668	 EN13 received bases request from TR13 (Round 19)
2023-11-05 02:49:13,841:	 DEBUG	 647761668	 EN13 began photon emission for BB84 with TR13 (Round 39)
2023-11-05 02:49:13,847:	 DEBUG	 648739168	 TR13 received bases from EN13 (Round: 10)
2023-11-05 02:49:13,851:	 DEBUG	 650216668	 TR13 finished receiving photons from EN13 (Round 29)
2023-11-05 02:49:13,853:	 DEBUG	 651206668	 EN13 received matching indices from TR13 (Round 1)
2023-11-05 02:49:13,857:	 DEBUG	 652684168	 EN13 received bases request from TR13 (Round 20)
2023-11-05 02:49:13,860:	 DEBUG	 654174168	 EN13 began photon emission for BB84 with TR13 (Round 40)
2023-11-05 02:49:13,866:	 DEBUG	 655151668	 TR13 received bases from EN13 (Round: 11)
2023-11-05 02:49:13,869:	 DEBUG	 656629168	 TR13 finished receiving photons from EN13 (Round 30)
2023-11-05 02:49:13,872:	 DEBUG	 657619168	 EN13 received matching indices from TR13 (Round 2)
2023-11-05 02:49:13,875:	 DEBUG	 659096668	 EN13 received bases request from TR13 (Round 21)
2023-11-05 02:49:13,878:	 DEBUG	 660586668	 EN13 began photon emission for BB84 with TR13 (Round 41)
2023-11-05 02:49:13,885:	 DEBUG	 661564168	 TR13 received bases from EN13 (Round: 12)
2023-11-05 02:49:13,888:	 DEBUG	 663041668	 TR13 finished receiving photons from EN13 (Round 31)
2023-11-05 02:49:13,890:	 DEBUG	 664031668	 EN13 received matching indices from TR13 (Round 3)
2023-11-05 02:49:13,893:	 DEBUG	 665509168	 EN13 received bases request from TR13 (Round 22)
2023-11-05 02:49:13,897:	 DEBUG	 666999168	 EN13 began photon emission for BB84 with TR13 (Round 42)
2023-11-05 02:49:13,902:	 DEBUG	 667976668	 TR13 received bases from EN13 (Round: 13)
2023-11-05 02:49:13,906:	 DEBUG	 669454168	 TR13 finished receiving photons from EN13 (Round 32)
2023-11-05 02:49:13,908:	 DEBUG	 670444168	 EN13 received matching indices from TR13 (Round 4)
2023-11-05 02:49:13,909:	 INFO	 670714171	 TR7 received 'ACKNOWLEDGE' for ciphertext of QKDApp from EN15
2023-11-05 02:49:13,912:	 DEBUG	 671921668	 EN13 received bases request from TR13 (Round 23)
2023-11-05 02:49:13,915:	 DEBUG	 673411668	 EN13 began photon emission for BB84 with TR13 (Round 43)
2023-11-05 02:49:13,921:	 DEBUG	 674389168	 TR13 received bases from EN13 (Round: 14)
2023-11-05 02:49:13,924:	 DEBUG	 675866668	 TR13 finished receiving photons from EN13 (Round 33)
2023-11-05 02:49:13,926:	 DEBUG	 676856668	 EN13 received matching indices from TR13 (Round 5)
2023-11-05 02:49:13,930:	 DEBUG	 678334168	 EN13 received bases request from TR13 (Round 24)
2023-11-05 02:49:13,933:	 DEBUG	 679824168	 EN13 began photon emission for BB84 with TR13 (Round 44)
2023-11-05 02:49:13,938:	 DEBUG	 680801668	 TR13 received bases from EN13 (Round: 15)
2023-11-05 02:49:13,938:	 INFO	 680801668	 TR13 generated a valid key with EN13 (Round 15)
2023-11-05 02:49:13,938:	 INFO	 680801668	 TR13's sifted key: [0, 1, 1, 1, 0, 1, 1, 0, 0, 0, 1, 1, 0, 0, 1, 1, 1, 1, 0, 1, 0, 1, 1, 1, 1, 0, 1, 0, 1, 1, 0, 1, 1, 1, 0, 1, 0, 0, 1, 0, 1, 0, 0, 1, 0, 1, 0, 0, 1, 0, 0, 1, 1, 0, 1, 0, 0, 1, 1, 0, 0, 0, 1, 0, 0, 1, 0, 1, 0, 1, 0, 1, 1, 0, 0, 1, 1, 0, 1, 0, 1, 1, 1, 0, 0, 0, 1, 0, 1, 0, 0, 0, 1, 0, 0, 1, 0, 1, 0, 1, 0, 1, 1, 1, 1, 1, 1, 1, 0, 1, 0, 0, 1, 1, 1, 1, 0, 0, 1, 0, 1, 0, 1, 1, 1, 0, 1, 0, 1, 0, 0, 0, 1, 1, 1, 1, 1, 1, 0, 1, 1, 1, 1, 1, 1, 0, 0, 0, 0, 0, 1, 0, 1, 1, 0, 1, 1, 0, 0, 1, 1, 1, 0, 0, 0, 0, 1, 0, 1, 1, 1, 0, 1, 0, 0, 1, 1, 1, 1, 0, 1, 0, 1, 1, 0, 0, 0, 0, 0, 0, 1, 0, 0, 0, 1, 1, 1, 1, 1, 0, 1, 0, 0, 1, 0, 0, 0, 0, 0, 0, 1, 0, 0, 0, 1, 1, 0, 0, 1, 0, 0, 0, 1, 1, 0, 1, 1, 1, 0, 0, 0, 1, 1, 1, 1, 0, 0, 1, 0, 1, 0, 1, 0, 0, 1, 1, 1, 1, 0, 0, 1, 0, 0, 0, 1, 0]
2023-11-05 02:49:13,938:	 INFO	 680801668	 TR13's sifted key (Decimal): 53464513894841177821867690769928680458916273349105869953796754061615461388066
2023-11-05 02:49:13,938:	 INFO	 680801668	 TR13 finished key generation with EN13
2023-11-05 02:49:13,938:	 INFO	 680801668	 TR13's sifted keys (with EN13 in decimal): [53464513894841177821867690769928680458916273349105869953796754061615461388066]
2023-11-05 02:49:13,944:	 DEBUG	 683269168	 EN13 received matching indices from TR13 (Round 6)
2023-11-05 02:49:13,948:	 DEBUG	 684746668	 EN13 received bases request from TR13 (Round 25)
2023-11-05 02:49:13,952:	 DEBUG	 686236668	 EN13 began photon emission for BB84 with TR13 (Round 45)
2023-11-05 02:49:13,964:	 DEBUG	 689681668	 EN13 received matching indices from TR13 (Round 7)
2023-11-05 02:49:13,967:	 DEBUG	 691159168	 EN13 received bases request from TR13 (Round 26)
2023-11-05 02:49:13,971:	 DEBUG	 692649168	 EN13 began photon emission for BB84 with TR13 (Round 46)
2023-11-05 02:49:13,982:	 DEBUG	 696094168	 EN13 received matching indices from TR13 (Round 8)
2023-11-05 02:49:13,986:	 DEBUG	 697571668	 EN13 received bases request from TR13 (Round 27)
2023-11-05 02:49:13,989:	 DEBUG	 699061668	 EN13 began photon emission for BB84 with TR13 (Round 47)
2023-11-05 02:49:14,000:	 DEBUG	 702506668	 EN13 received matching indices from TR13 (Round 9)
2023-11-05 02:49:14,004:	 DEBUG	 703984168	 EN13 received bases request from TR13 (Round 28)
2023-11-05 02:49:14,008:	 DEBUG	 705474168	 EN13 began photon emission for BB84 with TR13 (Round 48)
2023-11-05 02:49:14,021:	 DEBUG	 708919168	 EN13 received matching indices from TR13 (Round 10)
2023-11-05 02:49:14,024:	 DEBUG	 710396668	 EN13 received bases request from TR13 (Round 29)
2023-11-05 02:49:14,027:	 DEBUG	 711886668	 EN13 began photon emission for BB84 with TR13 (Round 49)
2023-11-05 02:49:14,039:	 DEBUG	 715331668	 EN13 received matching indices from TR13 (Round 11)
2023-11-05 02:49:14,043:	 DEBUG	 716809168	 EN13 received bases request from TR13 (Round 30)
2023-11-05 02:49:14,047:	 DEBUG	 718299168	 EN13 began photon emission for BB84 with TR13 (Round 50)
2023-11-05 02:49:14,058:	 DEBUG	 721744168	 EN13 received matching indices from TR13 (Round 12)
2023-11-05 02:49:14,063:	 DEBUG	 723221668	 EN13 received bases request from TR13 (Round 31)
2023-11-05 02:49:14,066:	 DEBUG	 724711668	 EN13 began photon emission for BB84 with TR13 (Round 51)
2023-11-05 02:49:14,075:	 DEBUG	 728156668	 EN13 received matching indices from TR13 (Round 13)
2023-11-05 02:49:14,079:	 DEBUG	 729634168	 EN13 received bases request from TR13 (Round 32)
2023-11-05 02:49:14,083:	 DEBUG	 731124168	 EN13 began photon emission for BB84 with TR13 (Round 52)
2023-11-05 02:49:14,094:	 DEBUG	 734569168	 EN13 received matching indices from TR13 (Round 14)
2023-11-05 02:49:14,097:	 DEBUG	 736046668	 EN13 received bases request from TR13 (Round 33)
2023-11-05 02:49:14,101:	 DEBUG	 737536668	 EN13 began photon emission for BB84 with TR13 (Round 53)
2023-11-05 02:49:14,111:	 DEBUG	 740981668	 EN13 received matching indices from TR13 (Round 15)
2023-11-05 02:49:14,111:	 INFO	 740981668	 EN13 generated a valid key with TR13 (Round 15)
2023-11-05 02:49:14,111:	 INFO	 740981668	 EN13's sifted key: [0, 1, 1, 1, 0, 1, 1, 0, 0, 0, 1, 1, 0, 0, 1, 1, 1, 1, 0, 1, 0, 1, 1, 1, 1, 0, 1, 0, 1, 1, 0, 1, 1, 1, 0, 1, 0, 0, 1, 0, 1, 0, 0, 1, 0, 1, 0, 0, 1, 0, 0, 1, 1, 0, 1, 0, 0, 1, 1, 0, 0, 0, 1, 0, 0, 1, 0, 1, 0, 1, 0, 1, 1, 0, 0, 1, 1, 0, 1, 0, 1, 1, 1, 0, 0, 0, 1, 0, 1, 0, 0, 0, 1, 0, 0, 1, 0, 1, 0, 1, 0, 1, 1, 1, 1, 1, 1, 1, 0, 1, 0, 0, 1, 1, 1, 1, 0, 0, 1, 0, 1, 0, 1, 1, 1, 0, 1, 0, 1, 0, 0, 0, 1, 1, 1, 1, 1, 1, 0, 1, 1, 1, 1, 1, 1, 0, 0, 0, 0, 0, 1, 0, 1, 1, 0, 1, 1, 0, 0, 1, 1, 1, 0, 0, 0, 0, 1, 0, 1, 1, 1, 0, 1, 0, 0, 1, 1, 1, 1, 0, 1, 0, 1, 1, 0, 0, 0, 0, 0, 0, 1, 0, 0, 0, 1, 1, 1, 1, 1, 0, 1, 0, 0, 1, 0, 0, 0, 0, 0, 0, 1, 0, 0, 0, 1, 1, 0, 0, 1, 0, 0, 0, 1, 1, 0, 1, 1, 1, 0, 0, 0, 1, 1, 1, 1, 0, 0, 1, 0, 1, 0, 1, 0, 0, 1, 1, 1, 1, 0, 0, 1, 0, 0, 0, 1, 0]
2023-11-05 02:49:14,111:	 INFO	 740981668	 EN13's sifted key (Decimal): 53464513894841177821867690769928680458916273349105869953796754061615461388066
2023-11-05 02:49:14,111:	 INFO	 740981668	 EN13 finished key generation with TR13
2023-11-05 02:49:14,111:	 INFO	 740981668	 EN13's sifted keys (with TR13 in decimal): [53464513894841177821867690769928680458916273349105869953796754061615461388066]
2023-11-05 02:49:14,111:	 INFO	 740981668	 Sifted key rate: 652.2697 kbit/s
2023-11-05 02:49:14,112:	 INFO	 740981668	 Key error rate: 0.0000
2023-11-05 02:49:14,213:	 INFO	 792575002	 EN15 received 'CIPHERTEXT' of QKDApp from TR13
2023-11-05 02:49:14,214:	 INFO	 792575002	 EN15 generated end-to-end keys with EN13
2023-11-05 02:49:14,214:	 INFO	 792575002	 EN15's keys (with EN13 in decimal): [53464513894841177821867690769928680458916273349105869953796754061615461388066]
2023-11-05 02:49:14,235:	 INFO	 904348336	 TR13 received 'ACKNOWLEDGE' for ciphertext of QKDApp from EN15
2023-11-05 02:49:14,236:	 INFO	 964528336	 EN13 received 'DONE' of QKDApp from EN15
2023-11-05 02:49:14,236:	 INFO	 964528336	 EN13 generated end-to-end keys with EN15
2023-11-05 02:49:14,236:	 INFO	 964528336	 EN13's keys (with EN15 in decimal): [53464513894841177821867690769928680458916273349105869953796754061615461388066]
2023-11-05 02:49:14,236:	 INFO	 964528336	 End-to-end key rate: 265.4147 kbit/s
2023-11-05 02:49:14,236:	 INFO	 964528336	 End-to-end error rate: 0.0000
2023-11-05 02:49:14,236:	 INFO	 964528336	 --------------------Simulation ends--------------------
2023-11-05 02:49:14,237:	 INFO	 964528336	 Elapsed wall time: 5.3453s 	 Elapsed virtual time: 0.0010s
2023-11-05 02:49:14,237:	 DEBUG	 964528336	 Scheduled events: 77413 	 Handled events: 77413
