2023-11-05 01:15:33,533:	 INFO	 0	 --------------------Simulation starts--------------------
2023-11-05 01:15:33,533:	 DEBUG	 0	 Customer 1 arrives at 0
2023-11-05 01:15:33,533:	 DEBUG	 0	 Customer 1 served at 0
2023-11-05 01:15:33,533:	 DEBUG	 20	 Customer 2 arrives at 20
2023-11-05 01:15:33,533:	 DEBUG	 30	 Customer 1 leaves at 30
2023-11-05 01:15:33,533:	 DEBUG	 35	 Customer 2 served at 35
2023-11-05 01:15:33,533:	 DEBUG	 40	 Customer 3 arrives at 40
2023-11-05 01:15:33,533:	 DEBUG	 60	 Customer 4 arrives at 60
2023-11-05 01:15:33,533:	 DEBUG	 65	 Customer 2 leaves at 65
2023-11-05 01:15:33,533:	 DEBUG	 70	 Customer 3 served at 70
2023-11-05 01:15:33,533:	 DEBUG	 80	 Customer 5 arrives at 80
2023-11-05 01:15:33,534:	 DEBUG	 100	 Customer 3 leaves at 100
2023-11-05 01:15:33,534:	 DEBUG	 100	 Customer 6 arrives at 100
2023-11-05 01:15:33,534:	 DEBUG	 105	 Customer 4 served at 105
2023-11-05 01:15:33,534:	 DEBUG	 120	 Customer 7 arrives at 120
2023-11-05 01:15:33,534:	 DEBUG	 135	 Customer 4 leaves at 135
2023-11-05 01:15:33,534:	 DEBUG	 140	 Customer 8 arrives at 140
2023-11-05 01:15:33,534:	 DEBUG	 140	 Customer 5 served at 140
2023-11-05 01:15:33,534:	 DEBUG	 160	 Customer 9 arrives at 160
2023-11-05 01:15:33,534:	 DEBUG	 170	 Customer 5 leaves at 170
2023-11-05 01:15:33,534:	 DEBUG	 175	 Customer 6 served at 175
2023-11-05 01:15:33,534:	 DEBUG	 180	 Customer 10 arrives at 180
2023-11-05 01:15:33,534:	 DEBUG	 200	 Customer 11 arrives at 200
2023-11-05 01:15:33,534:	 DEBUG	 205	 Customer 6 leaves at 205
2023-11-05 01:15:33,534:	 DEBUG	 210	 Customer 7 served at 210
2023-11-05 01:15:33,534:	 DEBUG	 220	 Customer 12 arrives at 220
2023-11-05 01:15:33,534:	 DEBUG	 240	 Customer 7 leaves at 240
2023-11-05 01:15:33,534:	 DEBUG	 240	 Customer 13 arrives at 240
2023-11-05 01:15:33,534:	 DEBUG	 245	 Customer 8 served at 245
2023-11-05 01:15:33,534:	 DEBUG	 260	 Customer 14 arrives at 260
2023-11-05 01:15:33,534:	 DEBUG	 275	 Customer 8 leaves at 275
2023-11-05 01:15:33,535:	 DEBUG	 280	 Customer 15 arrives at 280
2023-11-05 01:15:33,535:	 DEBUG	 280	 Customer 9 served at 280
2023-11-05 01:15:33,535:	 DEBUG	 300	 Customer 16 arrives at 300
2023-11-05 01:15:33,535:	 DEBUG	 310	 Customer 9 leaves at 310
2023-11-05 01:15:33,535:	 DEBUG	 315	 Customer 10 served at 315
2023-11-05 01:15:33,535:	 DEBUG	 320	 Customer 17 arrives at 320
2023-11-05 01:15:33,535:	 DEBUG	 340	 Customer 18 arrives at 340
2023-11-05 01:15:33,535:	 DEBUG	 345	 Customer 10 leaves at 345
2023-11-05 01:15:33,535:	 DEBUG	 350	 Customer 11 served at 350
2023-11-05 01:15:33,535:	 DEBUG	 360	 Customer 19 arrives at 360
2023-11-05 01:15:33,535:	 INFO	 360	 Reach end time! No more events will be processed
2023-11-05 01:15:33,535:	 INFO	 360	 --------------------Simulation ends--------------------
2023-11-05 01:15:33,535:	 INFO	 360	 Elapsed wall time: 0.0020s 	 Elapsed virtual time: 0.0000s
2023-11-05 01:15:33,535:	 DEBUG	 360	 Scheduled events: 42 	 Handled events: 40
